<?xml version="1.0" encoding="UTF-8"?>
<testsuites name="Test 1" time="334.827" tests="5" failures="2" errors="0">
   <testsuite name="Test 1" tests="5" failures="2" errors="0" time="334.827" skipped="0" timestamp="2023-07-25 09:34:42" hostname="Hanani Faqihah - Hanani-Faqihah.realtek" id="Test Suites/Test 1">
      <properties>
         <property name="deviceName" value="emulator-5554 (sdk_gphone64_x86_64 - Android 14)"/>
         <property name="devicePlatform" value=""/>
         <property name="logFolder" value="C:\\Users\\User\\git\\TestAndroid\\Reports\\20230725_093432\\Test 1\\20230725_093432"/>
         <property name="logFiles" value="C:\\Users\\User\\git\\TestAndroid\\Reports\\20230725_093432\\Test 1\\20230725_093432\\appium.log, C:\\Users\\User\\git\\TestAndroid\\Reports\\20230725_093432\\Test 1\\20230725_093432\\execution0.log"/>
         <property name="attachments" value="C:\\Users\\User\\git\\TestAndroid\\Reports\\20230725_093432\\Test 1\\20230725_093432\\1690249026457.png, C:\\Users\\User\\git\\TestAndroid\\Reports\\20230725_093432\\Test 1\\20230725_093432\\1690249151428.png"/>
         <property name="hostName" value="Hanani Faqihah - Hanani-Faqihah.realtek"/>
         <property name="os" value="Windows 10 64bit"/>
         <property name="appiumServerStatus" value="{&quot;value&quot;:{&quot;build&quot;:{&quot;version&quot;:&quot;1.22.3&quot;}},&quot;sessionId&quot;:null,&quot;status&quot;:0}"/>
         <property name="katalonVersion" value="8.6.5.208"/>
         <property name="deviceOS" value="Android"/>
         <property name="appiumVersion" value="1.22.3"/>
         <property name="deviceModel" value="sdk_gphone64_x86_64"/>
         <property name="hostAddress" value="192.168.1.219"/>
         <property name="deviceManufacturer" value="Google"/>
         <property name="deviceId" value="emulator-5554"/>
         <property name="deviceName" value="emulator-5554 (sdk_gphone64_x86_64 - Android 14)"/>
         <property name="deviceOSVersion" value="14"/>
      </properties>
      <testcase name="Test Cases/Authentication/1. Login(with error checking)" time="77.814" classname="Test Cases/Authentication/1. Login(with error checking)" status="PASSED">
         <system-out><![CDATA[2023-07-25 09:34:42 - [TEST_CASE][PASSED] - Test Cases/Authentication/1. Login(with error checking): Test Cases/Authentication/1. Login(with error checking)

2023-07-25 09:34:42 - [TEST_STEP][PASSED] - startApplication("C:\Users\User\Downloads\4.0.52.apk", true): Started app at: 'C:\Users\User\Downloads\4.0.52.apk'

2023-07-25 09:34:42 - [MESSAGE][INFO] - Detected NodeJS location: "C:\Program Files\nodejs\node.exe"

2023-07-25 09:34:45 - [MESSAGE][INFO] - Appium server started on port 59,299

2023-07-25 09:35:33 - [MESSAGE][PASSED] - Started app at: 'C:\Users\User\Downloads\4.0.52.apk'

2023-07-25 09:35:33 - [TEST_STEP][PASSED] - tap(findTestObject("Object Repository/Authentication/Login/android.widget.TextView - I have an account"), 0): Tapped on element 'Object Repository/Authentication/Login/android.widget.TextView - I have an account'

2023-07-25 09:35:33 - [MESSAGE][WARNING] - Timeout '0' is invalid. Using default page load timeout: '30'

2023-07-25 09:35:37 - [MESSAGE][PASSED] - Tapped on element 'Object Repository/Authentication/Login/android.widget.TextView - I have an account'

2023-07-25 09:35:37 - [TEST_STEP][PASSED] - tap(findTestObject("Object Repository/Authentication/Login/android.widget.Button - Log In"), 0): Tapped on element 'Object Repository/Authentication/Login/android.widget.Button - Log In'

2023-07-25 09:35:37 - [MESSAGE][WARNING] - Timeout '0' is invalid. Using default page load timeout: '30'

2023-07-25 09:35:39 - [MESSAGE][PASSED] - Tapped on element 'Object Repository/Authentication/Login/android.widget.Button - Log In'

2023-07-25 09:35:39 - [TEST_STEP][PASSED] - verifyElementText(findTestObject("Object Repository/Authentication/Login/android.widget.TextView - Please enter your email"), "Please enter your email."): Actual text and expected text of test object 'Object Repository/Authentication/Login/android.widget.TextView - Please enter your email' are matched.

2023-07-25 09:35:40 - [MESSAGE][PASSED] - Actual text and expected text of test object 'Object Repository/Authentication/Login/android.widget.TextView - Please enter your email' are matched.

2023-07-25 09:35:40 - [TEST_STEP][PASSED] - setText(findTestObject("Authentication/Login/android.widget.EditText - Email"), "uatdemo8", 0): Text 'uatdemo8' has been set to element 'Object Repository/Authentication/Login/android.widget.EditText - Email'

2023-07-25 09:35:40 - [MESSAGE][WARNING] - Timeout '0' is invalid. Using default page load timeout: '30'

2023-07-25 09:35:42 - [MESSAGE][PASSED] - Text 'uatdemo8' has been set to element 'Object Repository/Authentication/Login/android.widget.EditText - Email'

2023-07-25 09:35:42 - [TEST_STEP][PASSED] - tap(findTestObject("Object Repository/Authentication/Login/android.widget.Button - Log In (1)"), 0): Tapped on element 'Object Repository/Authentication/Login/android.widget.Button - Log In (1)'

2023-07-25 09:35:42 - [MESSAGE][WARNING] - Timeout '0' is invalid. Using default page load timeout: '30'

2023-07-25 09:35:42 - [MESSAGE][PASSED] - Tapped on element 'Object Repository/Authentication/Login/android.widget.Button - Log In (1)'

2023-07-25 09:35:42 - [TEST_STEP][PASSED] - verifyElementText(findTestObject("Object Repository/Authentication/Login/android.widget.TextView - Email is not valid"), "Email is not valid."): Actual text and expected text of test object 'Object Repository/Authentication/Login/android.widget.TextView - Email is not valid' are matched.

2023-07-25 09:35:43 - [MESSAGE][PASSED] - Actual text and expected text of test object 'Object Repository/Authentication/Login/android.widget.TextView - Email is not valid' are matched.

2023-07-25 09:35:43 - [TEST_STEP][PASSED] - setText(findTestObject("Authentication/Login/android.widget.EditText - uatdemo8"), "uatdemo8@ramssol.com", 0): Text 'uatdemo8@ramssol.com' has been set to element 'Object Repository/Authentication/Login/android.widget.EditText - uatdemo8'

2023-07-25 09:35:43 - [MESSAGE][WARNING] - Timeout '0' is invalid. Using default page load timeout: '30'

2023-07-25 09:35:44 - [MESSAGE][PASSED] - Text 'uatdemo8@ramssol.com' has been set to element 'Object Repository/Authentication/Login/android.widget.EditText - uatdemo8'

2023-07-25 09:35:44 - [TEST_STEP][PASSED] - tap(findTestObject("Authentication/Login/android.widget.Button - Log In"), 0): Tapped on element 'Object Repository/Authentication/Login/android.widget.Button - Log In'

2023-07-25 09:35:44 - [MESSAGE][WARNING] - Timeout '0' is invalid. Using default page load timeout: '30'

2023-07-25 09:35:45 - [MESSAGE][PASSED] - Tapped on element 'Object Repository/Authentication/Login/android.widget.Button - Log In'

2023-07-25 09:35:45 - [TEST_STEP][PASSED] - verifyElementText(findTestObject("Object Repository/Authentication/Login/android.widget.TextView - Please enter your password"), "Please enter your password."): Actual text and expected text of test object 'Object Repository/Authentication/Login/android.widget.TextView - Please enter your password' are matched.

2023-07-25 09:35:45 - [MESSAGE][PASSED] - Actual text and expected text of test object 'Object Repository/Authentication/Login/android.widget.TextView - Please enter your password' are matched.

2023-07-25 09:35:45 - [TEST_STEP][PASSED] - setText(findTestObject("Object Repository/Authentication/Login/android.widget.EditText - Password"), "Password02", 0): Text 'Password02' has been set to element 'Object Repository/Authentication/Login/android.widget.EditText - Password'

2023-07-25 09:35:46 - [MESSAGE][WARNING] - Timeout '0' is invalid. Using default page load timeout: '30'

2023-07-25 09:35:47 - [MESSAGE][PASSED] - Text 'Password02' has been set to element 'Object Repository/Authentication/Login/android.widget.EditText - Password'

2023-07-25 09:35:47 - [TEST_STEP][PASSED] - tap(findTestObject("Authentication/Login/android.widget.Button - Log In"), 0): Tapped on element 'Object Repository/Authentication/Login/android.widget.Button - Log In'

2023-07-25 09:35:47 - [MESSAGE][WARNING] - Timeout '0' is invalid. Using default page load timeout: '30'

2023-07-25 09:35:48 - [MESSAGE][PASSED] - Tapped on element 'Object Repository/Authentication/Login/android.widget.Button - Log In'

2023-07-25 09:35:48 - [TEST_STEP][PASSED] - verifyElementText(findTestObject("Object Repository/Authentication/Login/android.widget.TextView - Your email and password didnt match"), "Your email and password didn't match."): Actual text and expected text of test object 'Object Repository/Authentication/Login/android.widget.TextView - Your email and password didnt match' are matched.

2023-07-25 09:35:49 - [MESSAGE][PASSED] - Actual text and expected text of test object 'Object Repository/Authentication/Login/android.widget.TextView - Your email and password didnt match' are matched.

2023-07-25 09:35:49 - [TEST_STEP][PASSED] - setText(findTestObject("Object Repository/Authentication/Login/android.widget.EditText -"), "Password01", 0): Text 'Password01' has been set to element 'Object Repository/Authentication/Login/android.widget.EditText -'

2023-07-25 09:35:49 - [MESSAGE][WARNING] - Timeout '0' is invalid. Using default page load timeout: '30'

2023-07-25 09:35:50 - [MESSAGE][PASSED] - Text 'Password01' has been set to element 'Object Repository/Authentication/Login/android.widget.EditText -'

2023-07-25 09:35:50 - [TEST_STEP][PASSED] - tap(findTestObject("Authentication/Login/android.widget.Button - Log In"), 0): Tapped on element 'Object Repository/Authentication/Login/android.widget.Button - Log In'

2023-07-25 09:35:50 - [MESSAGE][WARNING] - Timeout '0' is invalid. Using default page load timeout: '30'

2023-07-25 09:35:51 - [MESSAGE][PASSED] - Tapped on element 'Object Repository/Authentication/Login/android.widget.Button - Log In'

2023-07-25 09:35:51 - [TEST_STEP][PASSED] - waitForElementPresent(findTestObject("Object Repository/Authentication/Login/android.widget.ImageView"), 0): Element 'Object Repository/Authentication/Login/android.widget.ImageView' is present

2023-07-25 09:35:51 - [MESSAGE][WARNING] - Timeout '0' is invalid. Using default page load timeout: '30'

2023-07-25 09:35:55 - [MESSAGE][PASSED] - Element 'Object Repository/Authentication/Login/android.widget.ImageView' is present

2023-07-25 09:35:55 - [TEST_STEP][PASSED] - tap(findTestObject("Authentication/Login/android.widget.ImageView"), 0): Tapped on element 'Object Repository/Authentication/Login/android.widget.ImageView'

2023-07-25 09:35:55 - [MESSAGE][WARNING] - Timeout '0' is invalid. Using default page load timeout: '30'

2023-07-25 09:35:55 - [MESSAGE][PASSED] - Tapped on element 'Object Repository/Authentication/Login/android.widget.ImageView'

2023-07-25 09:35:55 - [TEST_STEP][PASSED] - waitForElementPresent(findTestObject("Object Repository/Authentication/Login/android.widget.TextView - Log Out"), 0): Element 'Object Repository/Authentication/Login/android.widget.TextView - Log Out' is present

2023-07-25 09:35:55 - [MESSAGE][WARNING] - Timeout '0' is invalid. Using default page load timeout: '30'

2023-07-25 09:35:57 - [MESSAGE][PASSED] - Element 'Object Repository/Authentication/Login/android.widget.TextView - Log Out' is present

2023-07-25 09:35:57 - [TEST_STEP][PASSED] - tap(findTestObject("Authentication/Login/android.widget.TextView - Log Out"), 0): Tapped on element 'Object Repository/Authentication/Login/android.widget.TextView - Log Out'

2023-07-25 09:35:57 - [MESSAGE][WARNING] - Timeout '0' is invalid. Using default page load timeout: '30'

2023-07-25 09:35:57 - [MESSAGE][PASSED] - Tapped on element 'Object Repository/Authentication/Login/android.widget.TextView - Log Out'

2023-07-25 09:35:57 - [TEST_STEP][PASSED] - waitForElementPresent(findTestObject("Object Repository/Authentication/Login/android.widget.TextView - Are you sure you want to log out"), 0): Element 'Object Repository/Authentication/Login/android.widget.TextView - Are you sure you want to log out' is present

2023-07-25 09:35:57 - [MESSAGE][WARNING] - Timeout '0' is invalid. Using default page load timeout: '30'

2023-07-25 09:35:58 - [MESSAGE][PASSED] - Element 'Object Repository/Authentication/Login/android.widget.TextView - Are you sure you want to log out' is present

2023-07-25 09:35:58 - [TEST_STEP][PASSED] - tap(findTestObject("Object Repository/Authentication/Login/android.widget.TextView - Yes"), 0): Tapped on element 'Object Repository/Authentication/Login/android.widget.TextView - Yes'

2023-07-25 09:35:58 - [MESSAGE][WARNING] - Timeout '0' is invalid. Using default page load timeout: '30'

2023-07-25 09:35:58 - [MESSAGE][PASSED] - Tapped on element 'Object Repository/Authentication/Login/android.widget.TextView - Yes'

2023-07-25 09:35:58 - [TEST_STEP][PASSED] - closeApplication(): Close app successfully

2023-07-25 09:36:00 - [MESSAGE][PASSED] - Close app successfully]]></system-out>
         <system-err><![CDATA[]]></system-err>
      </testcase>
      <testcase name="Test Cases/Authentication/2. Reset Password(with error checking)" time="66.89" classname="Test Cases/Authentication/2. Reset Password(with error checking)" status="FAILED">
         <failure type="FAILED" message="Test Cases/Authentication/2. Reset Password(with error checking) FAILED.
Reason:
com.kms.katalon.core.exception.StepFailedException: Object Object Repository/Authentication/Reset Password/android.widget.TextView - I have an account not found
	at com.kms.katalon.core.keyword.internal.KeywordMain.stepFailed(KeywordMain.groovy:51)
	at com.kms.katalon.core.mobile.keyword.internal.MobileKeywordMain.stepFailed(MobileKeywordMain.groovy:40)
	at com.kms.katalon.core.mobile.keyword.builtin.TapKeyword$_tap_closure1.doCall(TapKeyword.groovy:79)
	at com.kms.katalon.core.mobile.keyword.builtin.TapKeyword$_tap_closure1.call(TapKeyword.groovy)
	at com.kms.katalon.core.mobile.keyword.internal.MobileKeywordMain.runKeyword(MobileKeywordMain.groovy:21)
	at com.kms.katalon.core.mobile.keyword.builtin.TapKeyword.tap(TapKeyword.groovy:84)
	at com.kms.katalon.core.mobile.keyword.builtin.TapKeyword.execute(TapKeyword.groovy:68)
	at com.kms.katalon.core.keyword.internal.KeywordExecutor.executeKeywordForPlatform(KeywordExecutor.groovy:74)
	at com.kms.katalon.core.mobile.keyword.MobileBuiltInKeywords.tap(MobileBuiltInKeywords.groovy:1490)
	at com.kms.katalon.core.mobile.keyword.MobileBuiltInKeywords$tap$0.call(Unknown Source)
	at 2. Reset Password(with error checking).run(2. Reset Password(with error checking):22)
	at com.kms.katalon.core.main.ScriptEngine.run(ScriptEngine.java:194)
	at com.kms.katalon.core.main.ScriptEngine.runScriptAsRawText(ScriptEngine.java:119)
	at com.kms.katalon.core.main.TestCaseExecutor.runScript(TestCaseExecutor.java:448)
	at com.kms.katalon.core.main.TestCaseExecutor.doExecute(TestCaseExecutor.java:439)
	at com.kms.katalon.core.main.TestCaseExecutor.processExecutionPhase(TestCaseExecutor.java:418)
	at com.kms.katalon.core.main.TestCaseExecutor.accessMainPhase(TestCaseExecutor.java:410)
	at com.kms.katalon.core.main.TestCaseExecutor.execute(TestCaseExecutor.java:285)
	at com.kms.katalon.core.common.CommonExecutor.accessTestCaseMainPhase(CommonExecutor.java:65)
	at com.kms.katalon.core.main.TestSuiteExecutor.accessTestSuiteMainPhase(TestSuiteExecutor.java:148)
	at com.kms.katalon.core.main.TestSuiteExecutor.execute(TestSuiteExecutor.java:106)
	at com.kms.katalon.core.main.TestCaseMain.startTestSuite(TestCaseMain.java:187)
	at com.kms.katalon.core.main.TestCaseMain$startTestSuite$0.call(Unknown Source)
	at TempTestSuite1690248872797.run(TempTestSuite1690248872797.groovy:36)
"/>
         <system-out><![CDATA[2023-07-25 09:36:00 - [TEST_CASE][FAILED] - Test Cases/Authentication/2. Reset Password(with error checking): Test Cases/Authentication/2. Reset Password(with error checking) FAILED.
Reason:
com.kms.katalon.core.exception.StepFailedException: Object Object Repository/Authentication/Reset Password/android.widget.TextView - I have an account not found
	at com.kms.katalon.core.keyword.internal.KeywordMain.stepFailed(KeywordMain.groovy:51)
	at com.kms.katalon.core.mobile.keyword.internal.MobileKeywordMain.stepFailed(MobileKeywordMain.groovy:40)
	at com.kms.katalon.core.mobile.keyword.builtin.TapKeyword$_tap_closure1.doCall(TapKeyword.groovy:79)
	at com.kms.katalon.core.mobile.keyword.builtin.TapKeyword$_tap_closure1.call(TapKeyword.groovy)
	at com.kms.katalon.core.mobile.keyword.internal.MobileKeywordMain.runKeyword(MobileKeywordMain.groovy:21)
	at com.kms.katalon.core.mobile.keyword.builtin.TapKeyword.tap(TapKeyword.groovy:84)
	at com.kms.katalon.core.mobile.keyword.builtin.TapKeyword.execute(TapKeyword.groovy:68)
	at com.kms.katalon.core.keyword.internal.KeywordExecutor.executeKeywordForPlatform(KeywordExecutor.groovy:74)
	at com.kms.katalon.core.mobile.keyword.MobileBuiltInKeywords.tap(MobileBuiltInKeywords.groovy:1490)
	at com.kms.katalon.core.mobile.keyword.MobileBuiltInKeywords$tap$0.call(Unknown Source)
	at 2. Reset Password(with error checking).run(2. Reset Password(with error checking):22)
	at com.kms.katalon.core.main.ScriptEngine.run(ScriptEngine.java:194)
	at com.kms.katalon.core.main.ScriptEngine.runScriptAsRawText(ScriptEngine.java:119)
	at com.kms.katalon.core.main.TestCaseExecutor.runScript(TestCaseExecutor.java:448)
	at com.kms.katalon.core.main.TestCaseExecutor.doExecute(TestCaseExecutor.java:439)
	at com.kms.katalon.core.main.TestCaseExecutor.processExecutionPhase(TestCaseExecutor.java:418)
	at com.kms.katalon.core.main.TestCaseExecutor.accessMainPhase(TestCaseExecutor.java:410)
	at com.kms.katalon.core.main.TestCaseExecutor.execute(TestCaseExecutor.java:285)
	at com.kms.katalon.core.common.CommonExecutor.accessTestCaseMainPhase(CommonExecutor.java:65)
	at com.kms.katalon.core.main.TestSuiteExecutor.accessTestSuiteMainPhase(TestSuiteExecutor.java:148)
	at com.kms.katalon.core.main.TestSuiteExecutor.execute(TestSuiteExecutor.java:106)
	at com.kms.katalon.core.main.TestCaseMain.startTestSuite(TestCaseMain.java:187)
	at com.kms.katalon.core.main.TestCaseMain$startTestSuite$0.call(Unknown Source)
	at TempTestSuite1690248872797.run(TempTestSuite1690248872797.groovy:36)


2023-07-25 09:36:00 - [TEST_STEP][PASSED] - startApplication("C:\Users\User\Downloads\4.0.52.apk", true): Started app at: 'C:\Users\User\Downloads\4.0.52.apk'

2023-07-25 09:36:00 - [MESSAGE][INFO] - Detected NodeJS location: "C:\Program Files\nodejs\node.exe"

2023-07-25 09:36:02 - [MESSAGE][INFO] - Appium server started on port 59,616

2023-07-25 09:36:36 - [MESSAGE][PASSED] - Started app at: 'C:\Users\User\Downloads\4.0.52.apk'

2023-07-25 09:36:36 - [TEST_STEP][FAILED] - tap(findTestObject("Object Repository/Authentication/Reset Password/android.widget.TextView - I have an account"), 0): Failed to tap on element 'Object Repository/Authentication/Reset Password/android.widget.TextView - I have an account' (Root cause: com.kms.katalon.core.exception.StepFailedException: Object Object Repository/Authentication/Reset Password/android.widget.TextView - I have an account not found
	at com.kms.katalon.core.keyword.internal.KeywordMain.stepFailed(KeywordMain.groovy:51)
	at com.kms.katalon.core.mobile.keyword.internal.MobileKeywordMain.stepFailed(MobileKeywordMain.groovy:40)
	at com.kms.katalon.core.mobile.keyword.builtin.TapKeyword$_tap_closure1.doCall(TapKeyword.groovy:79)
	at com.kms.katalon.core.mobile.keyword.builtin.TapKeyword$_tap_closure1.call(TapKeyword.groovy)
	at com.kms.katalon.core.mobile.keyword.internal.MobileKeywordMain.runKeyword(MobileKeywordMain.groovy:21)
	at com.kms.katalon.core.mobile.keyword.builtin.TapKeyword.tap(TapKeyword.groovy:84)
	at com.kms.katalon.core.mobile.keyword.builtin.TapKeyword.execute(TapKeyword.groovy:68)
	at com.kms.katalon.core.keyword.internal.KeywordExecutor.executeKeywordForPlatform(KeywordExecutor.groovy:74)
	at com.kms.katalon.core.mobile.keyword.MobileBuiltInKeywords.tap(MobileBuiltInKeywords.groovy:1490)
	at com.kms.katalon.core.mobile.keyword.MobileBuiltInKeywords$tap$0.call(Unknown Source)
	at 2. Reset Password(with error checking).run(2. Reset Password(with error checking):22)
	at com.kms.katalon.core.main.ScriptEngine.run(ScriptEngine.java:194)
	at com.kms.katalon.core.main.ScriptEngine.runScriptAsRawText(ScriptEngine.java:119)
	at com.kms.katalon.core.main.TestCaseExecutor.runScript(TestCaseExecutor.java:448)
	at com.kms.katalon.core.main.TestCaseExecutor.doExecute(TestCaseExecutor.java:439)
	at com.kms.katalon.core.main.TestCaseExecutor.processExecutionPhase(TestCaseExecutor.java:418)
	at com.kms.katalon.core.main.TestCaseExecutor.accessMainPhase(TestCaseExecutor.java:410)
	at com.kms.katalon.core.main.TestCaseExecutor.execute(TestCaseExecutor.java:285)
	at com.kms.katalon.core.common.CommonExecutor.accessTestCaseMainPhase(CommonExecutor.java:65)
	at com.kms.katalon.core.main.TestSuiteExecutor.accessTestSuiteMainPhase(TestSuiteExecutor.java:148)
	at com.kms.katalon.core.main.TestSuiteExecutor.execute(TestSuiteExecutor.java:106)
	at com.kms.katalon.core.main.TestCaseMain.startTestSuite(TestCaseMain.java:187)
	at com.kms.katalon.core.main.TestCaseMain$startTestSuite$0.call(Unknown Source)
	at TempTestSuite1690248872797.run(TempTestSuite1690248872797.groovy:36)
)

2023-07-25 09:36:36 - [MESSAGE][WARNING] - Timeout '0' is invalid. Using default page load timeout: '30'

2023-07-25 09:37:06 - [MESSAGE][FAILED] - Object Object Repository/Authentication/Reset Password/android.widget.TextView - I have an account not found

2023-07-25 09:37:06 - [MESSAGE][FAILED] - Failed to tap on element 'Object Repository/Authentication/Reset Password/android.widget.TextView - I have an account' (Root cause: com.kms.katalon.core.exception.StepFailedException: Object Object Repository/Authentication/Reset Password/android.widget.TextView - I have an account not found
	at com.kms.katalon.core.keyword.internal.KeywordMain.stepFailed(KeywordMain.groovy:51)
	at com.kms.katalon.core.mobile.keyword.internal.MobileKeywordMain.stepFailed(MobileKeywordMain.groovy:40)
	at com.kms.katalon.core.mobile.keyword.builtin.TapKeyword$_tap_closure1.doCall(TapKeyword.groovy:79)
	at com.kms.katalon.core.mobile.keyword.builtin.TapKeyword$_tap_closure1.call(TapKeyword.groovy)
	at com.kms.katalon.core.mobile.keyword.internal.MobileKeywordMain.runKeyword(MobileKeywordMain.groovy:21)
	at com.kms.katalon.core.mobile.keyword.builtin.TapKeyword.tap(TapKeyword.groovy:84)
	at com.kms.katalon.core.mobile.keyword.builtin.TapKeyword.execute(TapKeyword.groovy:68)
	at com.kms.katalon.core.keyword.internal.KeywordExecutor.executeKeywordForPlatform(KeywordExecutor.groovy:74)
	at com.kms.katalon.core.mobile.keyword.MobileBuiltInKeywords.tap(MobileBuiltInKeywords.groovy:1490)
	at com.kms.katalon.core.mobile.keyword.MobileBuiltInKeywords$tap$0.call(Unknown Source)
	at 2. Reset Password(with error checking).run(2. Reset Password(with error checking):22)
	at com.kms.katalon.core.main.ScriptEngine.run(ScriptEngine.java:194)
	at com.kms.katalon.core.main.ScriptEngine.runScriptAsRawText(ScriptEngine.java:119)
	at com.kms.katalon.core.main.TestCaseExecutor.runScript(TestCaseExecutor.java:448)
	at com.kms.katalon.core.main.TestCaseExecutor.doExecute(TestCaseExecutor.java:439)
	at com.kms.katalon.core.main.TestCaseExecutor.processExecutionPhase(TestCaseExecutor.java:418)
	at com.kms.katalon.core.main.TestCaseExecutor.accessMainPhase(TestCaseExecutor.java:410)
	at com.kms.katalon.core.main.TestCaseExecutor.execute(TestCaseExecutor.java:285)
	at com.kms.katalon.core.common.CommonExecutor.accessTestCaseMainPhase(CommonExecutor.java:65)
	at com.kms.katalon.core.main.TestSuiteExecutor.accessTestSuiteMainPhase(TestSuiteExecutor.java:148)
	at com.kms.katalon.core.main.TestSuiteExecutor.execute(TestSuiteExecutor.java:106)
	at com.kms.katalon.core.main.TestCaseMain.startTestSuite(TestCaseMain.java:187)
	at com.kms.katalon.core.main.TestCaseMain$startTestSuite$0.call(Unknown Source)
	at TempTestSuite1690248872797.run(TempTestSuite1690248872797.groovy:36)
)
[[ATTACHMENT|C:\\Users\\User\\git\\TestAndroid\\Reports\\20230725_093432\\Test 1\\20230725_093432\\1690249026457.png]]]]></system-out>
         <system-err><![CDATA[2023-07-25 09:36:00 - [TEST_CASE][FAILED] - Test Cases/Authentication/2. Reset Password(with error checking): Test Cases/Authentication/2. Reset Password(with error checking) FAILED.
Reason:
com.kms.katalon.core.exception.StepFailedException: Object Object Repository/Authentication/Reset Password/android.widget.TextView - I have an account not found
	at com.kms.katalon.core.keyword.internal.KeywordMain.stepFailed(KeywordMain.groovy:51)
	at com.kms.katalon.core.mobile.keyword.internal.MobileKeywordMain.stepFailed(MobileKeywordMain.groovy:40)
	at com.kms.katalon.core.mobile.keyword.builtin.TapKeyword$_tap_closure1.doCall(TapKeyword.groovy:79)
	at com.kms.katalon.core.mobile.keyword.builtin.TapKeyword$_tap_closure1.call(TapKeyword.groovy)
	at com.kms.katalon.core.mobile.keyword.internal.MobileKeywordMain.runKeyword(MobileKeywordMain.groovy:21)
	at com.kms.katalon.core.mobile.keyword.builtin.TapKeyword.tap(TapKeyword.groovy:84)
	at com.kms.katalon.core.mobile.keyword.builtin.TapKeyword.execute(TapKeyword.groovy:68)
	at com.kms.katalon.core.keyword.internal.KeywordExecutor.executeKeywordForPlatform(KeywordExecutor.groovy:74)
	at com.kms.katalon.core.mobile.keyword.MobileBuiltInKeywords.tap(MobileBuiltInKeywords.groovy:1490)
	at com.kms.katalon.core.mobile.keyword.MobileBuiltInKeywords$tap$0.call(Unknown Source)
	at 2. Reset Password(with error checking).run(2. Reset Password(with error checking):22)
	at com.kms.katalon.core.main.ScriptEngine.run(ScriptEngine.java:194)
	at com.kms.katalon.core.main.ScriptEngine.runScriptAsRawText(ScriptEngine.java:119)
	at com.kms.katalon.core.main.TestCaseExecutor.runScript(TestCaseExecutor.java:448)
	at com.kms.katalon.core.main.TestCaseExecutor.doExecute(TestCaseExecutor.java:439)
	at com.kms.katalon.core.main.TestCaseExecutor.processExecutionPhase(TestCaseExecutor.java:418)
	at com.kms.katalon.core.main.TestCaseExecutor.accessMainPhase(TestCaseExecutor.java:410)
	at com.kms.katalon.core.main.TestCaseExecutor.execute(TestCaseExecutor.java:285)
	at com.kms.katalon.core.common.CommonExecutor.accessTestCaseMainPhase(CommonExecutor.java:65)
	at com.kms.katalon.core.main.TestSuiteExecutor.accessTestSuiteMainPhase(TestSuiteExecutor.java:148)
	at com.kms.katalon.core.main.TestSuiteExecutor.execute(TestSuiteExecutor.java:106)
	at com.kms.katalon.core.main.TestCaseMain.startTestSuite(TestCaseMain.java:187)
	at com.kms.katalon.core.main.TestCaseMain$startTestSuite$0.call(Unknown Source)
	at TempTestSuite1690248872797.run(TempTestSuite1690248872797.groovy:36)]]></system-err>
      </testcase>
      <testcase name="Test Cases/Settings/1. Add Account" time="56.339" classname="Test Cases/Settings/1. Add Account" status="PASSED">
         <system-out><![CDATA[2023-07-25 09:37:06 - [TEST_CASE][PASSED] - Test Cases/Settings/1. Add Account: Test Cases/Settings/1. Add Account

2023-07-25 09:37:07 - [TEST_STEP][PASSED] - startApplication("C:\Users\User\Downloads\4.0.52.apk", true): Started app at: 'C:\Users\User\Downloads\4.0.52.apk'

2023-07-25 09:37:30 - [MESSAGE][PASSED] - Started app at: 'C:\Users\User\Downloads\4.0.52.apk'

2023-07-25 09:37:30 - [TEST_STEP][PASSED] - tap(findTestObject("Object Repository/Settings/Add Account/android.widget.TextView - I have an account"), 0): Tapped on element 'Object Repository/Settings/Add Account/android.widget.TextView - I have an account'

2023-07-25 09:37:30 - [MESSAGE][WARNING] - Timeout '0' is invalid. Using default page load timeout: '30'

2023-07-25 09:37:35 - [MESSAGE][PASSED] - Tapped on element 'Object Repository/Settings/Add Account/android.widget.TextView - I have an account'

2023-07-25 09:37:35 - [TEST_STEP][PASSED] - setText(findTestObject("Object Repository/Settings/Add Account/android.widget.EditText - Email"), "uatdemo8@ramssol.com", 0): Text 'uatdemo8@ramssol.com' has been set to element 'Object Repository/Settings/Add Account/android.widget.EditText - Email'

2023-07-25 09:37:35 - [MESSAGE][WARNING] - Timeout '0' is invalid. Using default page load timeout: '30'

2023-07-25 09:37:38 - [MESSAGE][PASSED] - Text 'uatdemo8@ramssol.com' has been set to element 'Object Repository/Settings/Add Account/android.widget.EditText - Email'

2023-07-25 09:37:38 - [TEST_STEP][PASSED] - setText(findTestObject("Object Repository/Settings/Add Account/android.widget.EditText - Password"), "Password01", 0): Text 'Password01' has been set to element 'Object Repository/Settings/Add Account/android.widget.EditText - Password'

2023-07-25 09:37:38 - [MESSAGE][WARNING] - Timeout '0' is invalid. Using default page load timeout: '30'

2023-07-25 09:37:39 - [MESSAGE][PASSED] - Text 'Password01' has been set to element 'Object Repository/Settings/Add Account/android.widget.EditText - Password'

2023-07-25 09:37:39 - [TEST_STEP][PASSED] - tap(findTestObject("Object Repository/Settings/Add Account/android.widget.Button - Log In"), 0): Tapped on element 'Object Repository/Settings/Add Account/android.widget.Button - Log In'

2023-07-25 09:37:40 - [MESSAGE][WARNING] - Timeout '0' is invalid. Using default page load timeout: '30'

2023-07-25 09:37:40 - [MESSAGE][PASSED] - Tapped on element 'Object Repository/Settings/Add Account/android.widget.Button - Log In'

2023-07-25 09:37:40 - [TEST_STEP][PASSED] - tap(findTestObject("Object Repository/Settings/Add Account/android.widget.ImageView"), 0): Tapped on element 'Object Repository/Settings/Add Account/android.widget.ImageView'

2023-07-25 09:37:40 - [MESSAGE][WARNING] - Timeout '0' is invalid. Using default page load timeout: '30'

2023-07-25 09:37:44 - [MESSAGE][PASSED] - Tapped on element 'Object Repository/Settings/Add Account/android.widget.ImageView'

2023-07-25 09:37:44 - [TEST_STEP][PASSED] - waitForElementPresent(findTestObject("Object Repository/Settings/Add Account/android.widget.ImageView (1)"), 0): Element 'Object Repository/Settings/Add Account/android.widget.ImageView (1)' is present

2023-07-25 09:37:44 - [MESSAGE][WARNING] - Timeout '0' is invalid. Using default page load timeout: '30'

2023-07-25 09:37:46 - [MESSAGE][PASSED] - Element 'Object Repository/Settings/Add Account/android.widget.ImageView (1)' is present

2023-07-25 09:37:46 - [TEST_STEP][PASSED] - tap(findTestObject("Settings/Add Account/android.widget.ImageView (2)"), 0): Tapped on element 'Object Repository/Settings/Add Account/android.widget.ImageView (2)'

2023-07-25 09:37:46 - [MESSAGE][WARNING] - Timeout '0' is invalid. Using default page load timeout: '30'

2023-07-25 09:37:46 - [MESSAGE][PASSED] - Tapped on element 'Object Repository/Settings/Add Account/android.widget.ImageView (2)'

2023-07-25 09:37:46 - [TEST_STEP][PASSED] - tap(findTestObject("Object Repository/Settings/Add Account/android.widget.TextView - Account"), 0): Tapped on element 'Object Repository/Settings/Add Account/android.widget.TextView - Account'

2023-07-25 09:37:46 - [MESSAGE][WARNING] - Timeout '0' is invalid. Using default page load timeout: '30'

2023-07-25 09:37:48 - [MESSAGE][PASSED] - Tapped on element 'Object Repository/Settings/Add Account/android.widget.TextView - Account'

2023-07-25 09:37:48 - [TEST_STEP][PASSED] - tap(findTestObject("Object Repository/Settings/Add Account/android.widget.TextView - Add account (0)"), 0): Tapped on element 'Object Repository/Settings/Add Account/android.widget.TextView - Add account (0)'

2023-07-25 09:37:48 - [MESSAGE][WARNING] - Timeout '0' is invalid. Using default page load timeout: '30'

2023-07-25 09:37:50 - [MESSAGE][PASSED] - Tapped on element 'Object Repository/Settings/Add Account/android.widget.TextView - Add account (0)'

2023-07-25 09:37:50 - [TEST_STEP][PASSED] - tap(findTestObject("Settings/Add Account/android.widget.TextView - Add New Account"), 0): Tapped on element 'Object Repository/Settings/Add Account/android.widget.TextView - Add New Account'

2023-07-25 09:37:50 - [MESSAGE][WARNING] - Timeout '0' is invalid. Using default page load timeout: '30'

2023-07-25 09:37:51 - [MESSAGE][PASSED] - Tapped on element 'Object Repository/Settings/Add Account/android.widget.TextView - Add New Account'

2023-07-25 09:37:51 - [TEST_STEP][PASSED] - setText(findTestObject("Object Repository/Settings/Add Account/android.widget.EditText - Please enter email address"), "uatdemo7@ramssol.com", 0): Text 'uatdemo7@ramssol.com' has been set to element 'Object Repository/Settings/Add Account/android.widget.EditText - Please enter email address'

2023-07-25 09:37:51 - [MESSAGE][WARNING] - Timeout '0' is invalid. Using default page load timeout: '30'

2023-07-25 09:37:54 - [MESSAGE][PASSED] - Text 'uatdemo7@ramssol.com' has been set to element 'Object Repository/Settings/Add Account/android.widget.EditText - Please enter email address'

2023-07-25 09:37:54 - [TEST_STEP][PASSED] - setText(findTestObject("Object Repository/Settings/Add Account/android.widget.EditText - Please enter new password"), "Password01", 0): Text 'Password01' has been set to element 'Object Repository/Settings/Add Account/android.widget.EditText - Please enter new password'

2023-07-25 09:37:54 - [MESSAGE][WARNING] - Timeout '0' is invalid. Using default page load timeout: '30'

2023-07-25 09:37:56 - [MESSAGE][PASSED] - Text 'Password01' has been set to element 'Object Repository/Settings/Add Account/android.widget.EditText - Please enter new password'

2023-07-25 09:37:56 - [TEST_STEP][PASSED] - tap(findTestObject("Object Repository/Settings/Add Account/android.widget.TextView - Add account"), 0): Tapped on element 'Object Repository/Settings/Add Account/android.widget.TextView - Add account'

2023-07-25 09:37:56 - [MESSAGE][WARNING] - Timeout '0' is invalid. Using default page load timeout: '30'

2023-07-25 09:37:56 - [MESSAGE][PASSED] - Tapped on element 'Object Repository/Settings/Add Account/android.widget.TextView - Add account'

2023-07-25 09:37:56 - [TEST_STEP][PASSED] - verifyElementText(findTestObject("Object Repository/Settings/Add Account/android.widget.TextView - New Account Added Successfully"), "New Account Added Successfully"): Actual text and expected text of test object 'Object Repository/Settings/Add Account/android.widget.TextView - New Account Added Successfully' are matched.

2023-07-25 09:38:00 - [MESSAGE][PASSED] - Actual text and expected text of test object 'Object Repository/Settings/Add Account/android.widget.TextView - New Account Added Successfully' are matched.

2023-07-25 09:38:00 - [TEST_STEP][PASSED] - tap(findTestObject("Object Repository/Settings/Add Account/android.widget.TextView - Close"), 0): Tapped on element 'Object Repository/Settings/Add Account/android.widget.TextView - Close'

2023-07-25 09:38:00 - [MESSAGE][WARNING] - Timeout '0' is invalid. Using default page load timeout: '30'

2023-07-25 09:38:01 - [MESSAGE][PASSED] - Tapped on element 'Object Repository/Settings/Add Account/android.widget.TextView - Close'

2023-07-25 09:38:01 - [TEST_STEP][PASSED] - verifyElementText(findTestObject("Object Repository/Settings/Add Account/android.widget.TextView - uatdemo7"), "uatdemo7"): Actual text and expected text of test object 'Object Repository/Settings/Add Account/android.widget.TextView - uatdemo7' are matched.

2023-07-25 09:38:01 - [MESSAGE][PASSED] - Actual text and expected text of test object 'Object Repository/Settings/Add Account/android.widget.TextView - uatdemo7' are matched.

2023-07-25 09:38:01 - [TEST_STEP][PASSED] - closeApplication(): Close app successfully

2023-07-25 09:38:03 - [MESSAGE][PASSED] - Close app successfully]]></system-out>
         <system-err><![CDATA[]]></system-err>
      </testcase>
      <testcase name="Test Cases/Settings/2. Switch,Delete Account" time="68.618" classname="Test Cases/Settings/2. Switch,Delete Account" status="FAILED">
         <failure type="FAILED" message="Test Cases/Settings/2. Switch,Delete Account FAILED.
Reason:
com.kms.katalon.core.exception.StepFailedException: Object Object Repository/Settings/Switch,Delete Account/android.widget.TextView - I have an account not found
	at com.kms.katalon.core.keyword.internal.KeywordMain.stepFailed(KeywordMain.groovy:51)
	at com.kms.katalon.core.mobile.keyword.internal.MobileKeywordMain.stepFailed(MobileKeywordMain.groovy:40)
	at com.kms.katalon.core.mobile.keyword.builtin.TapKeyword$_tap_closure1.doCall(TapKeyword.groovy:79)
	at com.kms.katalon.core.mobile.keyword.builtin.TapKeyword$_tap_closure1.call(TapKeyword.groovy)
	at com.kms.katalon.core.mobile.keyword.internal.MobileKeywordMain.runKeyword(MobileKeywordMain.groovy:21)
	at com.kms.katalon.core.mobile.keyword.builtin.TapKeyword.tap(TapKeyword.groovy:84)
	at com.kms.katalon.core.mobile.keyword.builtin.TapKeyword.execute(TapKeyword.groovy:68)
	at com.kms.katalon.core.keyword.internal.KeywordExecutor.executeKeywordForPlatform(KeywordExecutor.groovy:74)
	at com.kms.katalon.core.mobile.keyword.MobileBuiltInKeywords.tap(MobileBuiltInKeywords.groovy:1490)
	at com.kms.katalon.core.mobile.keyword.MobileBuiltInKeywords$tap$0.call(Unknown Source)
	at 2. Switch,Delete Account.run(2. Switch,Delete Account:22)
	at com.kms.katalon.core.main.ScriptEngine.run(ScriptEngine.java:194)
	at com.kms.katalon.core.main.ScriptEngine.runScriptAsRawText(ScriptEngine.java:119)
	at com.kms.katalon.core.main.TestCaseExecutor.runScript(TestCaseExecutor.java:448)
	at com.kms.katalon.core.main.TestCaseExecutor.doExecute(TestCaseExecutor.java:439)
	at com.kms.katalon.core.main.TestCaseExecutor.processExecutionPhase(TestCaseExecutor.java:418)
	at com.kms.katalon.core.main.TestCaseExecutor.accessMainPhase(TestCaseExecutor.java:410)
	at com.kms.katalon.core.main.TestCaseExecutor.execute(TestCaseExecutor.java:285)
	at com.kms.katalon.core.common.CommonExecutor.accessTestCaseMainPhase(CommonExecutor.java:65)
	at com.kms.katalon.core.main.TestSuiteExecutor.accessTestSuiteMainPhase(TestSuiteExecutor.java:148)
	at com.kms.katalon.core.main.TestSuiteExecutor.execute(TestSuiteExecutor.java:106)
	at com.kms.katalon.core.main.TestCaseMain.startTestSuite(TestCaseMain.java:187)
	at com.kms.katalon.core.main.TestCaseMain$startTestSuite$0.call(Unknown Source)
	at TempTestSuite1690248872797.run(TempTestSuite1690248872797.groovy:36)
"/>
         <system-out><![CDATA[2023-07-25 09:38:03 - [TEST_CASE][FAILED] - Test Cases/Settings/2. Switch,Delete Account: Test Cases/Settings/2. Switch,Delete Account FAILED.
Reason:
com.kms.katalon.core.exception.StepFailedException: Object Object Repository/Settings/Switch,Delete Account/android.widget.TextView - I have an account not found
	at com.kms.katalon.core.keyword.internal.KeywordMain.stepFailed(KeywordMain.groovy:51)
	at com.kms.katalon.core.mobile.keyword.internal.MobileKeywordMain.stepFailed(MobileKeywordMain.groovy:40)
	at com.kms.katalon.core.mobile.keyword.builtin.TapKeyword$_tap_closure1.doCall(TapKeyword.groovy:79)
	at com.kms.katalon.core.mobile.keyword.builtin.TapKeyword$_tap_closure1.call(TapKeyword.groovy)
	at com.kms.katalon.core.mobile.keyword.internal.MobileKeywordMain.runKeyword(MobileKeywordMain.groovy:21)
	at com.kms.katalon.core.mobile.keyword.builtin.TapKeyword.tap(TapKeyword.groovy:84)
	at com.kms.katalon.core.mobile.keyword.builtin.TapKeyword.execute(TapKeyword.groovy:68)
	at com.kms.katalon.core.keyword.internal.KeywordExecutor.executeKeywordForPlatform(KeywordExecutor.groovy:74)
	at com.kms.katalon.core.mobile.keyword.MobileBuiltInKeywords.tap(MobileBuiltInKeywords.groovy:1490)
	at com.kms.katalon.core.mobile.keyword.MobileBuiltInKeywords$tap$0.call(Unknown Source)
	at 2. Switch,Delete Account.run(2. Switch,Delete Account:22)
	at com.kms.katalon.core.main.ScriptEngine.run(ScriptEngine.java:194)
	at com.kms.katalon.core.main.ScriptEngine.runScriptAsRawText(ScriptEngine.java:119)
	at com.kms.katalon.core.main.TestCaseExecutor.runScript(TestCaseExecutor.java:448)
	at com.kms.katalon.core.main.TestCaseExecutor.doExecute(TestCaseExecutor.java:439)
	at com.kms.katalon.core.main.TestCaseExecutor.processExecutionPhase(TestCaseExecutor.java:418)
	at com.kms.katalon.core.main.TestCaseExecutor.accessMainPhase(TestCaseExecutor.java:410)
	at com.kms.katalon.core.main.TestCaseExecutor.execute(TestCaseExecutor.java:285)
	at com.kms.katalon.core.common.CommonExecutor.accessTestCaseMainPhase(CommonExecutor.java:65)
	at com.kms.katalon.core.main.TestSuiteExecutor.accessTestSuiteMainPhase(TestSuiteExecutor.java:148)
	at com.kms.katalon.core.main.TestSuiteExecutor.execute(TestSuiteExecutor.java:106)
	at com.kms.katalon.core.main.TestCaseMain.startTestSuite(TestCaseMain.java:187)
	at com.kms.katalon.core.main.TestCaseMain$startTestSuite$0.call(Unknown Source)
	at TempTestSuite1690248872797.run(TempTestSuite1690248872797.groovy:36)


2023-07-25 09:38:03 - [TEST_STEP][PASSED] - startApplication("C:\Users\User\Downloads\4.0.52.apk", true): Started app at: 'C:\Users\User\Downloads\4.0.52.apk'

2023-07-25 09:38:03 - [MESSAGE][INFO] - Detected NodeJS location: "C:\Program Files\nodejs\node.exe"

2023-07-25 09:38:05 - [MESSAGE][INFO] - Appium server started on port 63,383

2023-07-25 09:38:41 - [MESSAGE][PASSED] - Started app at: 'C:\Users\User\Downloads\4.0.52.apk'

2023-07-25 09:38:41 - [TEST_STEP][FAILED] - tap(findTestObject("Object Repository/Settings/Switch,Delete Account/android.widget.TextView - I have an account"), 0): Failed to tap on element 'Object Repository/Settings/Switch,Delete Account/android.widget.TextView - I have an account' (Root cause: com.kms.katalon.core.exception.StepFailedException: Object Object Repository/Settings/Switch,Delete Account/android.widget.TextView - I have an account not found
	at com.kms.katalon.core.keyword.internal.KeywordMain.stepFailed(KeywordMain.groovy:51)
	at com.kms.katalon.core.mobile.keyword.internal.MobileKeywordMain.stepFailed(MobileKeywordMain.groovy:40)
	at com.kms.katalon.core.mobile.keyword.builtin.TapKeyword$_tap_closure1.doCall(TapKeyword.groovy:79)
	at com.kms.katalon.core.mobile.keyword.builtin.TapKeyword$_tap_closure1.call(TapKeyword.groovy)
	at com.kms.katalon.core.mobile.keyword.internal.MobileKeywordMain.runKeyword(MobileKeywordMain.groovy:21)
	at com.kms.katalon.core.mobile.keyword.builtin.TapKeyword.tap(TapKeyword.groovy:84)
	at com.kms.katalon.core.mobile.keyword.builtin.TapKeyword.execute(TapKeyword.groovy:68)
	at com.kms.katalon.core.keyword.internal.KeywordExecutor.executeKeywordForPlatform(KeywordExecutor.groovy:74)
	at com.kms.katalon.core.mobile.keyword.MobileBuiltInKeywords.tap(MobileBuiltInKeywords.groovy:1490)
	at com.kms.katalon.core.mobile.keyword.MobileBuiltInKeywords$tap$0.call(Unknown Source)
	at 2. Switch,Delete Account.run(2. Switch,Delete Account:22)
	at com.kms.katalon.core.main.ScriptEngine.run(ScriptEngine.java:194)
	at com.kms.katalon.core.main.ScriptEngine.runScriptAsRawText(ScriptEngine.java:119)
	at com.kms.katalon.core.main.TestCaseExecutor.runScript(TestCaseExecutor.java:448)
	at com.kms.katalon.core.main.TestCaseExecutor.doExecute(TestCaseExecutor.java:439)
	at com.kms.katalon.core.main.TestCaseExecutor.processExecutionPhase(TestCaseExecutor.java:418)
	at com.kms.katalon.core.main.TestCaseExecutor.accessMainPhase(TestCaseExecutor.java:410)
	at com.kms.katalon.core.main.TestCaseExecutor.execute(TestCaseExecutor.java:285)
	at com.kms.katalon.core.common.CommonExecutor.accessTestCaseMainPhase(CommonExecutor.java:65)
	at com.kms.katalon.core.main.TestSuiteExecutor.accessTestSuiteMainPhase(TestSuiteExecutor.java:148)
	at com.kms.katalon.core.main.TestSuiteExecutor.execute(TestSuiteExecutor.java:106)
	at com.kms.katalon.core.main.TestCaseMain.startTestSuite(TestCaseMain.java:187)
	at com.kms.katalon.core.main.TestCaseMain$startTestSuite$0.call(Unknown Source)
	at TempTestSuite1690248872797.run(TempTestSuite1690248872797.groovy:36)
)

2023-07-25 09:38:41 - [MESSAGE][WARNING] - Timeout '0' is invalid. Using default page load timeout: '30'

2023-07-25 09:39:11 - [MESSAGE][FAILED] - Object Object Repository/Settings/Switch,Delete Account/android.widget.TextView - I have an account not found

2023-07-25 09:39:11 - [MESSAGE][FAILED] - Failed to tap on element 'Object Repository/Settings/Switch,Delete Account/android.widget.TextView - I have an account' (Root cause: com.kms.katalon.core.exception.StepFailedException: Object Object Repository/Settings/Switch,Delete Account/android.widget.TextView - I have an account not found
	at com.kms.katalon.core.keyword.internal.KeywordMain.stepFailed(KeywordMain.groovy:51)
	at com.kms.katalon.core.mobile.keyword.internal.MobileKeywordMain.stepFailed(MobileKeywordMain.groovy:40)
	at com.kms.katalon.core.mobile.keyword.builtin.TapKeyword$_tap_closure1.doCall(TapKeyword.groovy:79)
	at com.kms.katalon.core.mobile.keyword.builtin.TapKeyword$_tap_closure1.call(TapKeyword.groovy)
	at com.kms.katalon.core.mobile.keyword.internal.MobileKeywordMain.runKeyword(MobileKeywordMain.groovy:21)
	at com.kms.katalon.core.mobile.keyword.builtin.TapKeyword.tap(TapKeyword.groovy:84)
	at com.kms.katalon.core.mobile.keyword.builtin.TapKeyword.execute(TapKeyword.groovy:68)
	at com.kms.katalon.core.keyword.internal.KeywordExecutor.executeKeywordForPlatform(KeywordExecutor.groovy:74)
	at com.kms.katalon.core.mobile.keyword.MobileBuiltInKeywords.tap(MobileBuiltInKeywords.groovy:1490)
	at com.kms.katalon.core.mobile.keyword.MobileBuiltInKeywords$tap$0.call(Unknown Source)
	at 2. Switch,Delete Account.run(2. Switch,Delete Account:22)
	at com.kms.katalon.core.main.ScriptEngine.run(ScriptEngine.java:194)
	at com.kms.katalon.core.main.ScriptEngine.runScriptAsRawText(ScriptEngine.java:119)
	at com.kms.katalon.core.main.TestCaseExecutor.runScript(TestCaseExecutor.java:448)
	at com.kms.katalon.core.main.TestCaseExecutor.doExecute(TestCaseExecutor.java:439)
	at com.kms.katalon.core.main.TestCaseExecutor.processExecutionPhase(TestCaseExecutor.java:418)
	at com.kms.katalon.core.main.TestCaseExecutor.accessMainPhase(TestCaseExecutor.java:410)
	at com.kms.katalon.core.main.TestCaseExecutor.execute(TestCaseExecutor.java:285)
	at com.kms.katalon.core.common.CommonExecutor.accessTestCaseMainPhase(CommonExecutor.java:65)
	at com.kms.katalon.core.main.TestSuiteExecutor.accessTestSuiteMainPhase(TestSuiteExecutor.java:148)
	at com.kms.katalon.core.main.TestSuiteExecutor.execute(TestSuiteExecutor.java:106)
	at com.kms.katalon.core.main.TestCaseMain.startTestSuite(TestCaseMain.java:187)
	at com.kms.katalon.core.main.TestCaseMain$startTestSuite$0.call(Unknown Source)
	at TempTestSuite1690248872797.run(TempTestSuite1690248872797.groovy:36)
)
[[ATTACHMENT|C:\\Users\\User\\git\\TestAndroid\\Reports\\20230725_093432\\Test 1\\20230725_093432\\1690249151428.png]]]]></system-out>
         <system-err><![CDATA[2023-07-25 09:38:03 - [TEST_CASE][FAILED] - Test Cases/Settings/2. Switch,Delete Account: Test Cases/Settings/2. Switch,Delete Account FAILED.
Reason:
com.kms.katalon.core.exception.StepFailedException: Object Object Repository/Settings/Switch,Delete Account/android.widget.TextView - I have an account not found
	at com.kms.katalon.core.keyword.internal.KeywordMain.stepFailed(KeywordMain.groovy:51)
	at com.kms.katalon.core.mobile.keyword.internal.MobileKeywordMain.stepFailed(MobileKeywordMain.groovy:40)
	at com.kms.katalon.core.mobile.keyword.builtin.TapKeyword$_tap_closure1.doCall(TapKeyword.groovy:79)
	at com.kms.katalon.core.mobile.keyword.builtin.TapKeyword$_tap_closure1.call(TapKeyword.groovy)
	at com.kms.katalon.core.mobile.keyword.internal.MobileKeywordMain.runKeyword(MobileKeywordMain.groovy:21)
	at com.kms.katalon.core.mobile.keyword.builtin.TapKeyword.tap(TapKeyword.groovy:84)
	at com.kms.katalon.core.mobile.keyword.builtin.TapKeyword.execute(TapKeyword.groovy:68)
	at com.kms.katalon.core.keyword.internal.KeywordExecutor.executeKeywordForPlatform(KeywordExecutor.groovy:74)
	at com.kms.katalon.core.mobile.keyword.MobileBuiltInKeywords.tap(MobileBuiltInKeywords.groovy:1490)
	at com.kms.katalon.core.mobile.keyword.MobileBuiltInKeywords$tap$0.call(Unknown Source)
	at 2. Switch,Delete Account.run(2. Switch,Delete Account:22)
	at com.kms.katalon.core.main.ScriptEngine.run(ScriptEngine.java:194)
	at com.kms.katalon.core.main.ScriptEngine.runScriptAsRawText(ScriptEngine.java:119)
	at com.kms.katalon.core.main.TestCaseExecutor.runScript(TestCaseExecutor.java:448)
	at com.kms.katalon.core.main.TestCaseExecutor.doExecute(TestCaseExecutor.java:439)
	at com.kms.katalon.core.main.TestCaseExecutor.processExecutionPhase(TestCaseExecutor.java:418)
	at com.kms.katalon.core.main.TestCaseExecutor.accessMainPhase(TestCaseExecutor.java:410)
	at com.kms.katalon.core.main.TestCaseExecutor.execute(TestCaseExecutor.java:285)
	at com.kms.katalon.core.common.CommonExecutor.accessTestCaseMainPhase(CommonExecutor.java:65)
	at com.kms.katalon.core.main.TestSuiteExecutor.accessTestSuiteMainPhase(TestSuiteExecutor.java:148)
	at com.kms.katalon.core.main.TestSuiteExecutor.execute(TestSuiteExecutor.java:106)
	at com.kms.katalon.core.main.TestCaseMain.startTestSuite(TestCaseMain.java:187)
	at com.kms.katalon.core.main.TestCaseMain$startTestSuite$0.call(Unknown Source)
	at TempTestSuite1690248872797.run(TempTestSuite1690248872797.groovy:36)]]></system-err>
      </testcase>
      <testcase name="Test Cases/Settings/3. Change Appearance" time="64.874" classname="Test Cases/Settings/3. Change Appearance" status="PASSED">
         <system-out><![CDATA[2023-07-25 09:39:11 - [TEST_CASE][PASSED] - Test Cases/Settings/3. Change Appearance: Test Cases/Settings/3. Change Appearance

2023-07-25 09:39:12 - [TEST_STEP][PASSED] - startApplication("C:\Users\User\Downloads\4.0.52.apk", true): Started app at: 'C:\Users\User\Downloads\4.0.52.apk'

2023-07-25 09:39:36 - [MESSAGE][PASSED] - Started app at: 'C:\Users\User\Downloads\4.0.52.apk'

2023-07-25 09:39:36 - [TEST_STEP][PASSED] - tap(findTestObject("Object Repository/Settings/Change Appearance/android.widget.TextView - I have an account"), 0): Tapped on element 'Object Repository/Settings/Change Appearance/android.widget.TextView - I have an account'

2023-07-25 09:39:36 - [MESSAGE][WARNING] - Timeout '0' is invalid. Using default page load timeout: '30'

2023-07-25 09:39:41 - [MESSAGE][PASSED] - Tapped on element 'Object Repository/Settings/Change Appearance/android.widget.TextView - I have an account'

2023-07-25 09:39:41 - [TEST_STEP][PASSED] - setText(findTestObject("Object Repository/Settings/Change Appearance/android.widget.EditText - Email (1)"), "uatdemo9@ramssol.com", 0): Text 'uatdemo9@ramssol.com' has been set to element 'Object Repository/Settings/Change Appearance/android.widget.EditText - Email (1)'

2023-07-25 09:39:41 - [MESSAGE][WARNING] - Timeout '0' is invalid. Using default page load timeout: '30'

2023-07-25 09:39:44 - [MESSAGE][PASSED] - Text 'uatdemo9@ramssol.com' has been set to element 'Object Repository/Settings/Change Appearance/android.widget.EditText - Email (1)'

2023-07-25 09:39:44 - [TEST_STEP][PASSED] - setText(findTestObject("Object Repository/Settings/Change Appearance/android.widget.EditText - Password"), "Password01", 0): Text 'Password01' has been set to element 'Object Repository/Settings/Change Appearance/android.widget.EditText - Password'

2023-07-25 09:39:44 - [MESSAGE][WARNING] - Timeout '0' is invalid. Using default page load timeout: '30'

2023-07-25 09:39:46 - [MESSAGE][PASSED] - Text 'Password01' has been set to element 'Object Repository/Settings/Change Appearance/android.widget.EditText - Password'

2023-07-25 09:39:46 - [TEST_STEP][PASSED] - tap(findTestObject("Object Repository/Settings/Change Appearance/android.widget.Button - Log In"), 0): Tapped on element 'Object Repository/Settings/Change Appearance/android.widget.Button - Log In'

2023-07-25 09:39:46 - [MESSAGE][WARNING] - Timeout '0' is invalid. Using default page load timeout: '30'

2023-07-25 09:39:46 - [MESSAGE][PASSED] - Tapped on element 'Object Repository/Settings/Change Appearance/android.widget.Button - Log In'

2023-07-25 09:39:46 - [TEST_STEP][PASSED] - tap(findTestObject("Object Repository/Settings/Change Appearance/android.widget.ImageView"), 0): Tapped on element 'Object Repository/Settings/Change Appearance/android.widget.ImageView'

2023-07-25 09:39:46 - [MESSAGE][WARNING] - Timeout '0' is invalid. Using default page load timeout: '30'

2023-07-25 09:39:51 - [MESSAGE][PASSED] - Tapped on element 'Object Repository/Settings/Change Appearance/android.widget.ImageView'

2023-07-25 09:39:51 - [TEST_STEP][PASSED] - tap(findTestObject("Settings/Change Appearance/android.widget.ImageView (4)"), 0): Tapped on element 'Object Repository/Settings/Change Appearance/android.widget.ImageView (4)'

2023-07-25 09:39:51 - [MESSAGE][WARNING] - Timeout '0' is invalid. Using default page load timeout: '30'

2023-07-25 09:39:54 - [MESSAGE][PASSED] - Tapped on element 'Object Repository/Settings/Change Appearance/android.widget.ImageView (4)'

2023-07-25 09:39:54 - [TEST_STEP][PASSED] - tap(findTestObject("Object Repository/Settings/Change Appearance/android.widget.TextView - Appearance"), 0): Tapped on element 'Object Repository/Settings/Change Appearance/android.widget.TextView - Appearance'

2023-07-25 09:39:54 - [MESSAGE][WARNING] - Timeout '0' is invalid. Using default page load timeout: '30'

2023-07-25 09:39:54 - [MESSAGE][PASSED] - Tapped on element 'Object Repository/Settings/Change Appearance/android.widget.TextView - Appearance'

2023-07-25 09:39:54 - [TEST_STEP][PASSED] - verifyElementExist(findTestObject("Object Repository/Settings/Change Appearance/android.widget.TextView - In which mode do you wish to proceed"), 0): Element 'Object Repository/Settings/Change Appearance/android.widget.TextView - In which mode do you wish to proceed' is exist

2023-07-25 09:39:54 - [MESSAGE][WARNING] - Timeout '0' is invalid. Using default page load timeout: '30'

2023-07-25 09:39:56 - [MESSAGE][PASSED] - Element 'Object Repository/Settings/Change Appearance/android.widget.TextView - In which mode do you wish to proceed' is exist

2023-07-25 09:39:56 - [TEST_STEP][PASSED] - tap(findTestObject("Object Repository/Settings/Change Appearance/android.widget.ImageView (2)"), 0): Tapped on element 'Object Repository/Settings/Change Appearance/android.widget.ImageView (2)'

2023-07-25 09:39:56 - [MESSAGE][WARNING] - Timeout '0' is invalid. Using default page load timeout: '30'

2023-07-25 09:39:56 - [MESSAGE][PASSED] - Tapped on element 'Object Repository/Settings/Change Appearance/android.widget.ImageView (2)'

2023-07-25 09:39:56 - [TEST_STEP][PASSED] - verifyElementText(findTestObject("Object Repository/Settings/Change Appearance/android.widget.TextView - Classic"), "Classic"): Actual text and expected text of test object 'Object Repository/Settings/Change Appearance/android.widget.TextView - Classic' are matched.

2023-07-25 09:39:57 - [MESSAGE][PASSED] - Actual text and expected text of test object 'Object Repository/Settings/Change Appearance/android.widget.TextView - Classic' are matched.

2023-07-25 09:39:57 - [TEST_STEP][PASSED] - tap(findTestObject("Object Repository/Settings/Change Appearance/android.widget.TextView - Okay"), 0): Tapped on element 'Object Repository/Settings/Change Appearance/android.widget.TextView - Okay'

2023-07-25 09:39:57 - [MESSAGE][WARNING] - Timeout '0' is invalid. Using default page load timeout: '30'

2023-07-25 09:39:57 - [MESSAGE][PASSED] - Tapped on element 'Object Repository/Settings/Change Appearance/android.widget.TextView - Okay'

2023-07-25 09:39:57 - [TEST_STEP][PASSED] - verifyElementText(findTestObject("Object Repository/Settings/Change Appearance/android.widget.TextView - Home"), "Home"): Actual text and expected text of test object 'Object Repository/Settings/Change Appearance/android.widget.TextView - Home' are matched.

2023-07-25 09:40:07 - [MESSAGE][PASSED] - Actual text and expected text of test object 'Object Repository/Settings/Change Appearance/android.widget.TextView - Home' are matched.

2023-07-25 09:40:07 - [TEST_STEP][PASSED] - tap(findTestObject("Object Repository/Settings/Change Appearance/android.widget.ImageButton"), 0): Tapped on element 'Object Repository/Settings/Change Appearance/android.widget.ImageButton'

2023-07-25 09:40:07 - [MESSAGE][WARNING] - Timeout '0' is invalid. Using default page load timeout: '30'

2023-07-25 09:40:07 - [MESSAGE][PASSED] - Tapped on element 'Object Repository/Settings/Change Appearance/android.widget.ImageButton'

2023-07-25 09:40:07 - [TEST_STEP][PASSED] - tap(findTestObject("Object Repository/Settings/Change Appearance/android.widget.TextView - Settings"), 0): Tapped on element 'Object Repository/Settings/Change Appearance/android.widget.TextView - Settings'

2023-07-25 09:40:07 - [MESSAGE][WARNING] - Timeout '0' is invalid. Using default page load timeout: '30'

2023-07-25 09:40:09 - [MESSAGE][PASSED] - Tapped on element 'Object Repository/Settings/Change Appearance/android.widget.TextView - Settings'

2023-07-25 09:40:09 - [TEST_STEP][PASSED] - tap(findTestObject("Object Repository/Settings/Change Appearance/android.widget.TextView - Change appearance"), 0): Tapped on element 'Object Repository/Settings/Change Appearance/android.widget.TextView - Change appearance'

2023-07-25 09:40:09 - [MESSAGE][WARNING] - Timeout '0' is invalid. Using default page load timeout: '30'

2023-07-25 09:40:11 - [MESSAGE][PASSED] - Tapped on element 'Object Repository/Settings/Change Appearance/android.widget.TextView - Change appearance'

2023-07-25 09:40:11 - [TEST_STEP][PASSED] - tap(findTestObject("Object Repository/Settings/Change Appearance/android.widget.ImageView (3)"), 0): Tapped on element 'Object Repository/Settings/Change Appearance/android.widget.ImageView (3)'

2023-07-25 09:40:11 - [MESSAGE][WARNING] - Timeout '0' is invalid. Using default page load timeout: '30'

2023-07-25 09:40:13 - [MESSAGE][PASSED] - Tapped on element 'Object Repository/Settings/Change Appearance/android.widget.ImageView (3)'

2023-07-25 09:40:13 - [TEST_STEP][PASSED] - verifyElementText(findTestObject("Object Repository/Settings/Change Appearance/android.widget.TextView - Gamify"), "Gamify"): Actual text and expected text of test object 'Object Repository/Settings/Change Appearance/android.widget.TextView - Gamify' are matched.

2023-07-25 09:40:13 - [MESSAGE][PASSED] - Actual text and expected text of test object 'Object Repository/Settings/Change Appearance/android.widget.TextView - Gamify' are matched.

2023-07-25 09:40:13 - [TEST_STEP][PASSED] - tap(findTestObject("Settings/Change Appearance/android.widget.TextView - Okay"), 0): Tapped on element 'Object Repository/Settings/Change Appearance/android.widget.TextView - Okay'

2023-07-25 09:40:13 - [MESSAGE][WARNING] - Timeout '0' is invalid. Using default page load timeout: '30'

2023-07-25 09:40:15 - [MESSAGE][PASSED] - Tapped on element 'Object Repository/Settings/Change Appearance/android.widget.TextView - Okay'

2023-07-25 09:40:15 - [TEST_STEP][PASSED] - closeApplication(): Close app successfully

2023-07-25 09:40:16 - [MESSAGE][PASSED] - Close app successfully]]></system-out>
         <system-err><![CDATA[]]></system-err>
      </testcase>
      <system-out><![CDATA[2023-07-25 09:34:42 - [TEST_SUITE][FAILED] - Test 1: Test Cases/Authentication/2. Reset Password(with error checking) FAILED.
Reason:
com.kms.katalon.core.exception.StepFailedException: Object Object Repository/Authentication/Reset Password/android.widget.TextView - I have an account not found
	at com.kms.katalon.core.keyword.internal.KeywordMain.stepFailed(KeywordMain.groovy:51)
	at com.kms.katalon.core.mobile.keyword.internal.MobileKeywordMain.stepFailed(MobileKeywordMain.groovy:40)
	at com.kms.katalon.core.mobile.keyword.builtin.TapKeyword$_tap_closure1.doCall(TapKeyword.groovy:79)
	at com.kms.katalon.core.mobile.keyword.builtin.TapKeyword$_tap_closure1.call(TapKeyword.groovy)
	at com.kms.katalon.core.mobile.keyword.internal.MobileKeywordMain.runKeyword(MobileKeywordMain.groovy:21)
	at com.kms.katalon.core.mobile.keyword.builtin.TapKeyword.tap(TapKeyword.groovy:84)
	at com.kms.katalon.core.mobile.keyword.builtin.TapKeyword.execute(TapKeyword.groovy:68)
	at com.kms.katalon.core.keyword.internal.KeywordExecutor.executeKeywordForPlatform(KeywordExecutor.groovy:74)
	at com.kms.katalon.core.mobile.keyword.MobileBuiltInKeywords.tap(MobileBuiltInKeywords.groovy:1490)
	at com.kms.katalon.core.mobile.keyword.MobileBuiltInKeywords$tap$0.call(Unknown Source)
	at 2. Reset Password(with error checking).run(2. Reset Password(with error checking):22)
	at com.kms.katalon.core.main.ScriptEngine.run(ScriptEngine.java:194)
	at com.kms.katalon.core.main.ScriptEngine.runScriptAsRawText(ScriptEngine.java:119)
	at com.kms.katalon.core.main.TestCaseExecutor.runScript(TestCaseExecutor.java:448)
	at com.kms.katalon.core.main.TestCaseExecutor.doExecute(TestCaseExecutor.java:439)
	at com.kms.katalon.core.main.TestCaseExecutor.processExecutionPhase(TestCaseExecutor.java:418)
	at com.kms.katalon.core.main.TestCaseExecutor.accessMainPhase(TestCaseExecutor.java:410)
	at com.kms.katalon.core.main.TestCaseExecutor.execute(TestCaseExecutor.java:285)
	at com.kms.katalon.core.common.CommonExecutor.accessTestCaseMainPhase(CommonExecutor.java:65)
	at com.kms.katalon.core.main.TestSuiteExecutor.accessTestSuiteMainPhase(TestSuiteExecutor.java:148)
	at com.kms.katalon.core.main.TestSuiteExecutor.execute(TestSuiteExecutor.java:106)
	at com.kms.katalon.core.main.TestCaseMain.startTestSuite(TestCaseMain.java:187)
	at com.kms.katalon.core.main.TestCaseMain$startTestSuite$0.call(Unknown Source)
	at TempTestSuite1690248872797.run(TempTestSuite1690248872797.groovy:36)]]></system-out>
      <system-err><![CDATA[2023-07-25 09:34:42 - [TEST_SUITE][FAILED] - Test 1: Test Cases/Authentication/2. Reset Password(with error checking) FAILED.
Reason:
com.kms.katalon.core.exception.StepFailedException: Object Object Repository/Authentication/Reset Password/android.widget.TextView - I have an account not found
	at com.kms.katalon.core.keyword.internal.KeywordMain.stepFailed(KeywordMain.groovy:51)
	at com.kms.katalon.core.mobile.keyword.internal.MobileKeywordMain.stepFailed(MobileKeywordMain.groovy:40)
	at com.kms.katalon.core.mobile.keyword.builtin.TapKeyword$_tap_closure1.doCall(TapKeyword.groovy:79)
	at com.kms.katalon.core.mobile.keyword.builtin.TapKeyword$_tap_closure1.call(TapKeyword.groovy)
	at com.kms.katalon.core.mobile.keyword.internal.MobileKeywordMain.runKeyword(MobileKeywordMain.groovy:21)
	at com.kms.katalon.core.mobile.keyword.builtin.TapKeyword.tap(TapKeyword.groovy:84)
	at com.kms.katalon.core.mobile.keyword.builtin.TapKeyword.execute(TapKeyword.groovy:68)
	at com.kms.katalon.core.keyword.internal.KeywordExecutor.executeKeywordForPlatform(KeywordExecutor.groovy:74)
	at com.kms.katalon.core.mobile.keyword.MobileBuiltInKeywords.tap(MobileBuiltInKeywords.groovy:1490)
	at com.kms.katalon.core.mobile.keyword.MobileBuiltInKeywords$tap$0.call(Unknown Source)
	at 2. Reset Password(with error checking).run(2. Reset Password(with error checking):22)
	at com.kms.katalon.core.main.ScriptEngine.run(ScriptEngine.java:194)
	at com.kms.katalon.core.main.ScriptEngine.runScriptAsRawText(ScriptEngine.java:119)
	at com.kms.katalon.core.main.TestCaseExecutor.runScript(TestCaseExecutor.java:448)
	at com.kms.katalon.core.main.TestCaseExecutor.doExecute(TestCaseExecutor.java:439)
	at com.kms.katalon.core.main.TestCaseExecutor.processExecutionPhase(TestCaseExecutor.java:418)
	at com.kms.katalon.core.main.TestCaseExecutor.accessMainPhase(TestCaseExecutor.java:410)
	at com.kms.katalon.core.main.TestCaseExecutor.execute(TestCaseExecutor.java:285)
	at com.kms.katalon.core.common.CommonExecutor.accessTestCaseMainPhase(CommonExecutor.java:65)
	at com.kms.katalon.core.main.TestSuiteExecutor.accessTestSuiteMainPhase(TestSuiteExecutor.java:148)
	at com.kms.katalon.core.main.TestSuiteExecutor.execute(TestSuiteExecutor.java:106)
	at com.kms.katalon.core.main.TestCaseMain.startTestSuite(TestCaseMain.java:187)
	at com.kms.katalon.core.main.TestCaseMain$startTestSuite$0.call(Unknown Source)
	at TempTestSuite1690248872797.run(TempTestSuite1690248872797.groovy:36)]]></system-err>
   </testsuite>
</testsuites>
