<?xml version="1.0" encoding="UTF-8"?>
<testsuites name="Authentication" time="178.998" tests="2" failures="2" errors="0">
   <testsuite name="Authentication" tests="2" failures="2" errors="0" time="178.998" skipped="0" timestamp="2023-07-26 15:35:33" hostname="Hanani Faqihah - Hanani-Faqihah.realtek" id="Test Suites/Authentication">
      <properties>
         <property name="deviceName" value="emulator-5554 (sdk_gphone64_x86_64 - Android 14)"/>
         <property name="devicePlatform" value=""/>
         <property name="logFolder" value="C:\\Users\\User\\git\\TestAndroid\\Reports\\20230726_153524\\Authentication\\20230726_153524"/>
         <property name="logFiles" value="C:\\Users\\User\\git\\TestAndroid\\Reports\\20230726_153524\\Authentication\\20230726_153524\\appium.log, C:\\Users\\User\\git\\TestAndroid\\Reports\\20230726_153524\\Authentication\\20230726_153524\\execution0.log"/>
         <property name="attachments" value="C:\\Users\\User\\git\\TestAndroid\\Reports\\20230726_153524\\Authentication\\20230726_153524\\1690357056458.png, C:\\Users\\User\\git\\TestAndroid\\Reports\\20230726_153524\\Authentication\\20230726_153524\\1690357111875.png"/>
         <property name="hostName" value="Hanani Faqihah - Hanani-Faqihah.realtek"/>
         <property name="os" value="Windows 10 64bit"/>
         <property name="appiumServerStatus" value="{&quot;value&quot;:{&quot;build&quot;:{&quot;version&quot;:&quot;1.22.3&quot;}},&quot;sessionId&quot;:null,&quot;status&quot;:0}"/>
         <property name="katalonVersion" value="8.6.5.208"/>
         <property name="deviceOS" value="Android"/>
         <property name="appiumVersion" value="1.22.3"/>
         <property name="deviceModel" value="sdk_gphone64_x86_64"/>
         <property name="hostAddress" value="192.168.1.219"/>
         <property name="deviceManufacturer" value="Google"/>
         <property name="deviceId" value="emulator-5554"/>
         <property name="deviceName" value="emulator-5554 (sdk_gphone64_x86_64 - Android 14)"/>
         <property name="deviceOSVersion" value="14"/>
      </properties>
      <testcase name="Test Cases/Authentication/1. Login(with error checking)" time="123.608" classname="Test Cases/Authentication/1. Login(with error checking)" status="FAILED">
         <failure type="FAILED" message="Test Cases/Authentication/1. Login(with error checking) FAILED.
Reason:
com.kms.katalon.core.exception.StepFailedException: Object Object Repository/Authentication/Login/android.widget.TextView - Log Out not found
	at com.kms.katalon.core.keyword.internal.KeywordMain.stepFailed(KeywordMain.groovy:51)
	at com.kms.katalon.core.mobile.keyword.internal.MobileKeywordMain.stepFailed(MobileKeywordMain.groovy:40)
	at com.kms.katalon.core.mobile.keyword.builtin.TapKeyword$_tap_closure1.doCall(TapKeyword.groovy:79)
	at com.kms.katalon.core.mobile.keyword.builtin.TapKeyword$_tap_closure1.call(TapKeyword.groovy)
	at com.kms.katalon.core.mobile.keyword.internal.MobileKeywordMain.runKeyword(MobileKeywordMain.groovy:21)
	at com.kms.katalon.core.mobile.keyword.builtin.TapKeyword.tap(TapKeyword.groovy:84)
	at com.kms.katalon.core.mobile.keyword.builtin.TapKeyword.execute(TapKeyword.groovy:68)
	at com.kms.katalon.core.keyword.internal.KeywordExecutor.executeKeywordForPlatform(KeywordExecutor.groovy:74)
	at com.kms.katalon.core.mobile.keyword.MobileBuiltInKeywords.tap(MobileBuiltInKeywords.groovy:1490)
	at com.kms.katalon.core.mobile.keyword.MobileBuiltInKeywords$tap$0.call(Unknown Source)
	at 1. Login(with error checking).run(1. Login(with error checking):60)
	at com.kms.katalon.core.main.ScriptEngine.run(ScriptEngine.java:194)
	at com.kms.katalon.core.main.ScriptEngine.runScriptAsRawText(ScriptEngine.java:119)
	at com.kms.katalon.core.main.TestCaseExecutor.runScript(TestCaseExecutor.java:448)
	at com.kms.katalon.core.main.TestCaseExecutor.doExecute(TestCaseExecutor.java:439)
	at com.kms.katalon.core.main.TestCaseExecutor.processExecutionPhase(TestCaseExecutor.java:418)
	at com.kms.katalon.core.main.TestCaseExecutor.accessMainPhase(TestCaseExecutor.java:410)
	at com.kms.katalon.core.main.TestCaseExecutor.execute(TestCaseExecutor.java:285)
	at com.kms.katalon.core.common.CommonExecutor.accessTestCaseMainPhase(CommonExecutor.java:65)
	at com.kms.katalon.core.main.TestSuiteExecutor.accessTestSuiteMainPhase(TestSuiteExecutor.java:148)
	at com.kms.katalon.core.main.TestSuiteExecutor.execute(TestSuiteExecutor.java:106)
	at com.kms.katalon.core.main.TestCaseMain.startTestSuite(TestCaseMain.java:187)
	at com.kms.katalon.core.main.TestCaseMain$startTestSuite$0.call(Unknown Source)
	at TempTestSuite1690356924555.run(TempTestSuite1690356924555.groovy:36)
"/>
         <system-out><![CDATA[2023-07-26 15:35:33 - [TEST_CASE][FAILED] - Test Cases/Authentication/1. Login(with error checking): Test Cases/Authentication/1. Login(with error checking) FAILED.
Reason:
com.kms.katalon.core.exception.StepFailedException: Object Object Repository/Authentication/Login/android.widget.TextView - Log Out not found
	at com.kms.katalon.core.keyword.internal.KeywordMain.stepFailed(KeywordMain.groovy:51)
	at com.kms.katalon.core.mobile.keyword.internal.MobileKeywordMain.stepFailed(MobileKeywordMain.groovy:40)
	at com.kms.katalon.core.mobile.keyword.builtin.TapKeyword$_tap_closure1.doCall(TapKeyword.groovy:79)
	at com.kms.katalon.core.mobile.keyword.builtin.TapKeyword$_tap_closure1.call(TapKeyword.groovy)
	at com.kms.katalon.core.mobile.keyword.internal.MobileKeywordMain.runKeyword(MobileKeywordMain.groovy:21)
	at com.kms.katalon.core.mobile.keyword.builtin.TapKeyword.tap(TapKeyword.groovy:84)
	at com.kms.katalon.core.mobile.keyword.builtin.TapKeyword.execute(TapKeyword.groovy:68)
	at com.kms.katalon.core.keyword.internal.KeywordExecutor.executeKeywordForPlatform(KeywordExecutor.groovy:74)
	at com.kms.katalon.core.mobile.keyword.MobileBuiltInKeywords.tap(MobileBuiltInKeywords.groovy:1490)
	at com.kms.katalon.core.mobile.keyword.MobileBuiltInKeywords$tap$0.call(Unknown Source)
	at 1. Login(with error checking).run(1. Login(with error checking):60)
	at com.kms.katalon.core.main.ScriptEngine.run(ScriptEngine.java:194)
	at com.kms.katalon.core.main.ScriptEngine.runScriptAsRawText(ScriptEngine.java:119)
	at com.kms.katalon.core.main.TestCaseExecutor.runScript(TestCaseExecutor.java:448)
	at com.kms.katalon.core.main.TestCaseExecutor.doExecute(TestCaseExecutor.java:439)
	at com.kms.katalon.core.main.TestCaseExecutor.processExecutionPhase(TestCaseExecutor.java:418)
	at com.kms.katalon.core.main.TestCaseExecutor.accessMainPhase(TestCaseExecutor.java:410)
	at com.kms.katalon.core.main.TestCaseExecutor.execute(TestCaseExecutor.java:285)
	at com.kms.katalon.core.common.CommonExecutor.accessTestCaseMainPhase(CommonExecutor.java:65)
	at com.kms.katalon.core.main.TestSuiteExecutor.accessTestSuiteMainPhase(TestSuiteExecutor.java:148)
	at com.kms.katalon.core.main.TestSuiteExecutor.execute(TestSuiteExecutor.java:106)
	at com.kms.katalon.core.main.TestCaseMain.startTestSuite(TestCaseMain.java:187)
	at com.kms.katalon.core.main.TestCaseMain$startTestSuite$0.call(Unknown Source)
	at TempTestSuite1690356924555.run(TempTestSuite1690356924555.groovy:36)


2023-07-26 15:35:33 - [TEST_STEP][PASSED] - startApplication("C:\Users\User\Downloads\4.0.52.apk", true): Started app at: 'C:\Users\User\Downloads\4.0.52.apk'

2023-07-26 15:35:34 - [MESSAGE][INFO] - Detected NodeJS location: "C:\Program Files\nodejs\node.exe"

2023-07-26 15:35:36 - [MESSAGE][INFO] - Appium server started on port 57,638

2023-07-26 15:36:15 - [MESSAGE][PASSED] - Started app at: 'C:\Users\User\Downloads\4.0.52.apk'

2023-07-26 15:36:15 - [TEST_STEP][PASSED] - tap(findTestObject("Object Repository/Authentication/Login/android.widget.TextView - I have an account"), 0): Tapped on element 'Object Repository/Authentication/Login/android.widget.TextView - I have an account'

2023-07-26 15:36:15 - [MESSAGE][WARNING] - Timeout '0' is invalid. Using default page load timeout: '30'

2023-07-26 15:36:18 - [MESSAGE][PASSED] - Tapped on element 'Object Repository/Authentication/Login/android.widget.TextView - I have an account'

2023-07-26 15:36:18 - [TEST_STEP][PASSED] - tap(findTestObject("Object Repository/Authentication/Login/android.widget.Button - Log In"), 0): Tapped on element 'Object Repository/Authentication/Login/android.widget.Button - Log In'

2023-07-26 15:36:19 - [MESSAGE][WARNING] - Timeout '0' is invalid. Using default page load timeout: '30'

2023-07-26 15:36:20 - [MESSAGE][PASSED] - Tapped on element 'Object Repository/Authentication/Login/android.widget.Button - Log In'

2023-07-26 15:36:20 - [TEST_STEP][PASSED] - verifyElementText(findTestObject("Object Repository/Authentication/Login/android.widget.TextView - Please enter your email"), "Please enter your email."): Actual text and expected text of test object 'Object Repository/Authentication/Login/android.widget.TextView - Please enter your email' are matched.

2023-07-26 15:36:21 - [MESSAGE][PASSED] - Actual text and expected text of test object 'Object Repository/Authentication/Login/android.widget.TextView - Please enter your email' are matched.

2023-07-26 15:36:21 - [TEST_STEP][PASSED] - setText(findTestObject("Authentication/Login/android.widget.EditText - Email"), "uatdemo8", 0): Text 'uatdemo8' has been set to element 'Object Repository/Authentication/Login/android.widget.EditText - Email'

2023-07-26 15:36:21 - [MESSAGE][WARNING] - Timeout '0' is invalid. Using default page load timeout: '30'

2023-07-26 15:36:22 - [MESSAGE][PASSED] - Text 'uatdemo8' has been set to element 'Object Repository/Authentication/Login/android.widget.EditText - Email'

2023-07-26 15:36:22 - [TEST_STEP][PASSED] - tap(findTestObject("Object Repository/Authentication/Login/android.widget.Button - Log In (1)"), 0): Tapped on element 'Object Repository/Authentication/Login/android.widget.Button - Log In (1)'

2023-07-26 15:36:22 - [MESSAGE][WARNING] - Timeout '0' is invalid. Using default page load timeout: '30'

2023-07-26 15:36:23 - [MESSAGE][PASSED] - Tapped on element 'Object Repository/Authentication/Login/android.widget.Button - Log In (1)'

2023-07-26 15:36:23 - [TEST_STEP][PASSED] - verifyElementText(findTestObject("Object Repository/Authentication/Login/android.widget.TextView - Email is not valid"), "Email is not valid."): Actual text and expected text of test object 'Object Repository/Authentication/Login/android.widget.TextView - Email is not valid' are matched.

2023-07-26 15:36:23 - [MESSAGE][PASSED] - Actual text and expected text of test object 'Object Repository/Authentication/Login/android.widget.TextView - Email is not valid' are matched.

2023-07-26 15:36:23 - [TEST_STEP][PASSED] - setText(findTestObject("Authentication/Login/android.widget.EditText - uatdemo8"), "uatdemo8@ramssol.com", 0): Text 'uatdemo8@ramssol.com' has been set to element 'Object Repository/Authentication/Login/android.widget.EditText - uatdemo8'

2023-07-26 15:36:23 - [MESSAGE][WARNING] - Timeout '0' is invalid. Using default page load timeout: '30'

2023-07-26 15:36:25 - [MESSAGE][PASSED] - Text 'uatdemo8@ramssol.com' has been set to element 'Object Repository/Authentication/Login/android.widget.EditText - uatdemo8'

2023-07-26 15:36:25 - [TEST_STEP][PASSED] - tap(findTestObject("Authentication/Login/android.widget.Button - Log In"), 0): Tapped on element 'Object Repository/Authentication/Login/android.widget.Button - Log In'

2023-07-26 15:36:25 - [MESSAGE][WARNING] - Timeout '0' is invalid. Using default page load timeout: '30'

2023-07-26 15:36:25 - [MESSAGE][PASSED] - Tapped on element 'Object Repository/Authentication/Login/android.widget.Button - Log In'

2023-07-26 15:36:25 - [TEST_STEP][PASSED] - verifyElementText(findTestObject("Object Repository/Authentication/Login/android.widget.TextView - Please enter your password"), "Please enter your password."): Actual text and expected text of test object 'Object Repository/Authentication/Login/android.widget.TextView - Please enter your password' are matched.

2023-07-26 15:36:26 - [MESSAGE][PASSED] - Actual text and expected text of test object 'Object Repository/Authentication/Login/android.widget.TextView - Please enter your password' are matched.

2023-07-26 15:36:26 - [TEST_STEP][PASSED] - setText(findTestObject("Object Repository/Authentication/Login/android.widget.EditText - Password"), "Password02", 0): Text 'Password02' has been set to element 'Object Repository/Authentication/Login/android.widget.EditText - Password'

2023-07-26 15:36:26 - [MESSAGE][WARNING] - Timeout '0' is invalid. Using default page load timeout: '30'

2023-07-26 15:36:28 - [MESSAGE][PASSED] - Text 'Password02' has been set to element 'Object Repository/Authentication/Login/android.widget.EditText - Password'

2023-07-26 15:36:28 - [TEST_STEP][PASSED] - tap(findTestObject("Authentication/Login/android.widget.Button - Log In"), 0): Tapped on element 'Object Repository/Authentication/Login/android.widget.Button - Log In'

2023-07-26 15:36:28 - [MESSAGE][WARNING] - Timeout '0' is invalid. Using default page load timeout: '30'

2023-07-26 15:36:28 - [MESSAGE][PASSED] - Tapped on element 'Object Repository/Authentication/Login/android.widget.Button - Log In'

2023-07-26 15:36:28 - [TEST_STEP][PASSED] - verifyElementText(findTestObject("Object Repository/Authentication/Login/android.widget.TextView - Your email and password didnt match"), "Your email and password didn't match."): Actual text and expected text of test object 'Object Repository/Authentication/Login/android.widget.TextView - Your email and password didnt match' are matched.

2023-07-26 15:36:30 - [MESSAGE][PASSED] - Actual text and expected text of test object 'Object Repository/Authentication/Login/android.widget.TextView - Your email and password didnt match' are matched.

2023-07-26 15:36:30 - [TEST_STEP][PASSED] - setText(findTestObject("Object Repository/Authentication/Login/android.widget.EditText -"), "Password01", 0): Text 'Password01' has been set to element 'Object Repository/Authentication/Login/android.widget.EditText -'

2023-07-26 15:36:30 - [MESSAGE][WARNING] - Timeout '0' is invalid. Using default page load timeout: '30'

2023-07-26 15:36:31 - [MESSAGE][PASSED] - Text 'Password01' has been set to element 'Object Repository/Authentication/Login/android.widget.EditText -'

2023-07-26 15:36:31 - [TEST_STEP][PASSED] - tap(findTestObject("Authentication/Login/android.widget.Button - Log In"), 0): Tapped on element 'Object Repository/Authentication/Login/android.widget.Button - Log In'

2023-07-26 15:36:31 - [MESSAGE][WARNING] - Timeout '0' is invalid. Using default page load timeout: '30'

2023-07-26 15:36:32 - [MESSAGE][PASSED] - Tapped on element 'Object Repository/Authentication/Login/android.widget.Button - Log In'

2023-07-26 15:36:32 - [TEST_STEP][PASSED] - waitForElementPresent(findTestObject("Object Repository/Authentication/Login/android.widget.ImageView"), 0): Element 'Object Repository/Authentication/Login/android.widget.ImageView' is present

2023-07-26 15:36:32 - [MESSAGE][WARNING] - Timeout '0' is invalid. Using default page load timeout: '30'

2023-07-26 15:36:35 - [MESSAGE][PASSED] - Element 'Object Repository/Authentication/Login/android.widget.ImageView' is present

2023-07-26 15:36:35 - [TEST_STEP][PASSED] - tap(findTestObject("Authentication/Login/android.widget.ImageView"), 0): Tapped on element 'Object Repository/Authentication/Login/android.widget.ImageView'

2023-07-26 15:36:35 - [MESSAGE][WARNING] - Timeout '0' is invalid. Using default page load timeout: '30'

2023-07-26 15:36:36 - [MESSAGE][PASSED] - Tapped on element 'Object Repository/Authentication/Login/android.widget.ImageView'

2023-07-26 15:36:36 - [TEST_STEP][PASSED] - waitForElementPresent(findTestObject("Object Repository/Authentication/Login/android.widget.TextView - Log Out"), 0): Object Object Repository/Authentication/Login/android.widget.TextView - Log Out not found

2023-07-26 15:36:36 - [MESSAGE][WARNING] - Timeout '0' is invalid. Using default page load timeout: '30'

2023-07-26 15:37:06 - [MESSAGE][WARNING] - Object Object Repository/Authentication/Login/android.widget.TextView - Log Out not found

2023-07-26 15:37:06 - [TEST_STEP][FAILED] - tap(findTestObject("Authentication/Login/android.widget.TextView - Log Out"), 0): Failed to tap on element 'Object Repository/Authentication/Login/android.widget.TextView - Log Out' (Root cause: com.kms.katalon.core.exception.StepFailedException: Object Object Repository/Authentication/Login/android.widget.TextView - Log Out not found
	at com.kms.katalon.core.keyword.internal.KeywordMain.stepFailed(KeywordMain.groovy:51)
	at com.kms.katalon.core.mobile.keyword.internal.MobileKeywordMain.stepFailed(MobileKeywordMain.groovy:40)
	at com.kms.katalon.core.mobile.keyword.builtin.TapKeyword$_tap_closure1.doCall(TapKeyword.groovy:79)
	at com.kms.katalon.core.mobile.keyword.builtin.TapKeyword$_tap_closure1.call(TapKeyword.groovy)
	at com.kms.katalon.core.mobile.keyword.internal.MobileKeywordMain.runKeyword(MobileKeywordMain.groovy:21)
	at com.kms.katalon.core.mobile.keyword.builtin.TapKeyword.tap(TapKeyword.groovy:84)
	at com.kms.katalon.core.mobile.keyword.builtin.TapKeyword.execute(TapKeyword.groovy:68)
	at com.kms.katalon.core.keyword.internal.KeywordExecutor.executeKeywordForPlatform(KeywordExecutor.groovy:74)
	at com.kms.katalon.core.mobile.keyword.MobileBuiltInKeywords.tap(MobileBuiltInKeywords.groovy:1490)
	at com.kms.katalon.core.mobile.keyword.MobileBuiltInKeywords$tap$0.call(Unknown Source)
	at 1. Login(with error checking).run(1. Login(with error checking):60)
	at com.kms.katalon.core.main.ScriptEngine.run(ScriptEngine.java:194)
	at com.kms.katalon.core.main.ScriptEngine.runScriptAsRawText(ScriptEngine.java:119)
	at com.kms.katalon.core.main.TestCaseExecutor.runScript(TestCaseExecutor.java:448)
	at com.kms.katalon.core.main.TestCaseExecutor.doExecute(TestCaseExecutor.java:439)
	at com.kms.katalon.core.main.TestCaseExecutor.processExecutionPhase(TestCaseExecutor.java:418)
	at com.kms.katalon.core.main.TestCaseExecutor.accessMainPhase(TestCaseExecutor.java:410)
	at com.kms.katalon.core.main.TestCaseExecutor.execute(TestCaseExecutor.java:285)
	at com.kms.katalon.core.common.CommonExecutor.accessTestCaseMainPhase(CommonExecutor.java:65)
	at com.kms.katalon.core.main.TestSuiteExecutor.accessTestSuiteMainPhase(TestSuiteExecutor.java:148)
	at com.kms.katalon.core.main.TestSuiteExecutor.execute(TestSuiteExecutor.java:106)
	at com.kms.katalon.core.main.TestCaseMain.startTestSuite(TestCaseMain.java:187)
	at com.kms.katalon.core.main.TestCaseMain$startTestSuite$0.call(Unknown Source)
	at TempTestSuite1690356924555.run(TempTestSuite1690356924555.groovy:36)
)

2023-07-26 15:37:06 - [MESSAGE][WARNING] - Timeout '0' is invalid. Using default page load timeout: '30'

2023-07-26 15:37:36 - [MESSAGE][FAILED] - Object Object Repository/Authentication/Login/android.widget.TextView - Log Out not found

2023-07-26 15:37:37 - [MESSAGE][FAILED] - Failed to tap on element 'Object Repository/Authentication/Login/android.widget.TextView - Log Out' (Root cause: com.kms.katalon.core.exception.StepFailedException: Object Object Repository/Authentication/Login/android.widget.TextView - Log Out not found
	at com.kms.katalon.core.keyword.internal.KeywordMain.stepFailed(KeywordMain.groovy:51)
	at com.kms.katalon.core.mobile.keyword.internal.MobileKeywordMain.stepFailed(MobileKeywordMain.groovy:40)
	at com.kms.katalon.core.mobile.keyword.builtin.TapKeyword$_tap_closure1.doCall(TapKeyword.groovy:79)
	at com.kms.katalon.core.mobile.keyword.builtin.TapKeyword$_tap_closure1.call(TapKeyword.groovy)
	at com.kms.katalon.core.mobile.keyword.internal.MobileKeywordMain.runKeyword(MobileKeywordMain.groovy:21)
	at com.kms.katalon.core.mobile.keyword.builtin.TapKeyword.tap(TapKeyword.groovy:84)
	at com.kms.katalon.core.mobile.keyword.builtin.TapKeyword.execute(TapKeyword.groovy:68)
	at com.kms.katalon.core.keyword.internal.KeywordExecutor.executeKeywordForPlatform(KeywordExecutor.groovy:74)
	at com.kms.katalon.core.mobile.keyword.MobileBuiltInKeywords.tap(MobileBuiltInKeywords.groovy:1490)
	at com.kms.katalon.core.mobile.keyword.MobileBuiltInKeywords$tap$0.call(Unknown Source)
	at 1. Login(with error checking).run(1. Login(with error checking):60)
	at com.kms.katalon.core.main.ScriptEngine.run(ScriptEngine.java:194)
	at com.kms.katalon.core.main.ScriptEngine.runScriptAsRawText(ScriptEngine.java:119)
	at com.kms.katalon.core.main.TestCaseExecutor.runScript(TestCaseExecutor.java:448)
	at com.kms.katalon.core.main.TestCaseExecutor.doExecute(TestCaseExecutor.java:439)
	at com.kms.katalon.core.main.TestCaseExecutor.processExecutionPhase(TestCaseExecutor.java:418)
	at com.kms.katalon.core.main.TestCaseExecutor.accessMainPhase(TestCaseExecutor.java:410)
	at com.kms.katalon.core.main.TestCaseExecutor.execute(TestCaseExecutor.java:285)
	at com.kms.katalon.core.common.CommonExecutor.accessTestCaseMainPhase(CommonExecutor.java:65)
	at com.kms.katalon.core.main.TestSuiteExecutor.accessTestSuiteMainPhase(TestSuiteExecutor.java:148)
	at com.kms.katalon.core.main.TestSuiteExecutor.execute(TestSuiteExecutor.java:106)
	at com.kms.katalon.core.main.TestCaseMain.startTestSuite(TestCaseMain.java:187)
	at com.kms.katalon.core.main.TestCaseMain$startTestSuite$0.call(Unknown Source)
	at TempTestSuite1690356924555.run(TempTestSuite1690356924555.groovy:36)
)
[[ATTACHMENT|C:\\Users\\User\\git\\TestAndroid\\Reports\\20230726_153524\\Authentication\\20230726_153524\\1690357056458.png]]]]></system-out>
         <system-err><![CDATA[2023-07-26 15:35:33 - [TEST_CASE][FAILED] - Test Cases/Authentication/1. Login(with error checking): Test Cases/Authentication/1. Login(with error checking) FAILED.
Reason:
com.kms.katalon.core.exception.StepFailedException: Object Object Repository/Authentication/Login/android.widget.TextView - Log Out not found
	at com.kms.katalon.core.keyword.internal.KeywordMain.stepFailed(KeywordMain.groovy:51)
	at com.kms.katalon.core.mobile.keyword.internal.MobileKeywordMain.stepFailed(MobileKeywordMain.groovy:40)
	at com.kms.katalon.core.mobile.keyword.builtin.TapKeyword$_tap_closure1.doCall(TapKeyword.groovy:79)
	at com.kms.katalon.core.mobile.keyword.builtin.TapKeyword$_tap_closure1.call(TapKeyword.groovy)
	at com.kms.katalon.core.mobile.keyword.internal.MobileKeywordMain.runKeyword(MobileKeywordMain.groovy:21)
	at com.kms.katalon.core.mobile.keyword.builtin.TapKeyword.tap(TapKeyword.groovy:84)
	at com.kms.katalon.core.mobile.keyword.builtin.TapKeyword.execute(TapKeyword.groovy:68)
	at com.kms.katalon.core.keyword.internal.KeywordExecutor.executeKeywordForPlatform(KeywordExecutor.groovy:74)
	at com.kms.katalon.core.mobile.keyword.MobileBuiltInKeywords.tap(MobileBuiltInKeywords.groovy:1490)
	at com.kms.katalon.core.mobile.keyword.MobileBuiltInKeywords$tap$0.call(Unknown Source)
	at 1. Login(with error checking).run(1. Login(with error checking):60)
	at com.kms.katalon.core.main.ScriptEngine.run(ScriptEngine.java:194)
	at com.kms.katalon.core.main.ScriptEngine.runScriptAsRawText(ScriptEngine.java:119)
	at com.kms.katalon.core.main.TestCaseExecutor.runScript(TestCaseExecutor.java:448)
	at com.kms.katalon.core.main.TestCaseExecutor.doExecute(TestCaseExecutor.java:439)
	at com.kms.katalon.core.main.TestCaseExecutor.processExecutionPhase(TestCaseExecutor.java:418)
	at com.kms.katalon.core.main.TestCaseExecutor.accessMainPhase(TestCaseExecutor.java:410)
	at com.kms.katalon.core.main.TestCaseExecutor.execute(TestCaseExecutor.java:285)
	at com.kms.katalon.core.common.CommonExecutor.accessTestCaseMainPhase(CommonExecutor.java:65)
	at com.kms.katalon.core.main.TestSuiteExecutor.accessTestSuiteMainPhase(TestSuiteExecutor.java:148)
	at com.kms.katalon.core.main.TestSuiteExecutor.execute(TestSuiteExecutor.java:106)
	at com.kms.katalon.core.main.TestCaseMain.startTestSuite(TestCaseMain.java:187)
	at com.kms.katalon.core.main.TestCaseMain$startTestSuite$0.call(Unknown Source)
	at TempTestSuite1690356924555.run(TempTestSuite1690356924555.groovy:36)]]></system-err>
      </testcase>
      <testcase name="Test Cases/Authentication/2. Reset Password(with error checking)" time="55.152" classname="Test Cases/Authentication/2. Reset Password(with error checking)" status="FAILED">
         <failure type="FAILED" message="Test Cases/Authentication/2. Reset Password(with error checking) FAILED.
Reason:
com.kms.katalon.core.exception.StepFailedException: Object Object Repository/Authentication/Reset Password/android.widget.TextView - I have an account not found
	at com.kms.katalon.core.keyword.internal.KeywordMain.stepFailed(KeywordMain.groovy:51)
	at com.kms.katalon.core.mobile.keyword.internal.MobileKeywordMain.stepFailed(MobileKeywordMain.groovy:40)
	at com.kms.katalon.core.mobile.keyword.builtin.TapKeyword$_tap_closure1.doCall(TapKeyword.groovy:79)
	at com.kms.katalon.core.mobile.keyword.builtin.TapKeyword$_tap_closure1.call(TapKeyword.groovy)
	at com.kms.katalon.core.mobile.keyword.internal.MobileKeywordMain.runKeyword(MobileKeywordMain.groovy:21)
	at com.kms.katalon.core.mobile.keyword.builtin.TapKeyword.tap(TapKeyword.groovy:84)
	at com.kms.katalon.core.mobile.keyword.builtin.TapKeyword.execute(TapKeyword.groovy:68)
	at com.kms.katalon.core.keyword.internal.KeywordExecutor.executeKeywordForPlatform(KeywordExecutor.groovy:74)
	at com.kms.katalon.core.mobile.keyword.MobileBuiltInKeywords.tap(MobileBuiltInKeywords.groovy:1490)
	at com.kms.katalon.core.mobile.keyword.MobileBuiltInKeywords$tap$0.call(Unknown Source)
	at 2. Reset Password(with error checking).run(2. Reset Password(with error checking):22)
	at com.kms.katalon.core.main.ScriptEngine.run(ScriptEngine.java:194)
	at com.kms.katalon.core.main.ScriptEngine.runScriptAsRawText(ScriptEngine.java:119)
	at com.kms.katalon.core.main.TestCaseExecutor.runScript(TestCaseExecutor.java:448)
	at com.kms.katalon.core.main.TestCaseExecutor.doExecute(TestCaseExecutor.java:439)
	at com.kms.katalon.core.main.TestCaseExecutor.processExecutionPhase(TestCaseExecutor.java:418)
	at com.kms.katalon.core.main.TestCaseExecutor.accessMainPhase(TestCaseExecutor.java:410)
	at com.kms.katalon.core.main.TestCaseExecutor.execute(TestCaseExecutor.java:285)
	at com.kms.katalon.core.common.CommonExecutor.accessTestCaseMainPhase(CommonExecutor.java:65)
	at com.kms.katalon.core.main.TestSuiteExecutor.accessTestSuiteMainPhase(TestSuiteExecutor.java:148)
	at com.kms.katalon.core.main.TestSuiteExecutor.execute(TestSuiteExecutor.java:106)
	at com.kms.katalon.core.main.TestCaseMain.startTestSuite(TestCaseMain.java:187)
	at com.kms.katalon.core.main.TestCaseMain$startTestSuite$0.call(Unknown Source)
	at TempTestSuite1690356924555.run(TempTestSuite1690356924555.groovy:36)
"/>
         <system-out><![CDATA[2023-07-26 15:37:37 - [TEST_CASE][FAILED] - Test Cases/Authentication/2. Reset Password(with error checking): Test Cases/Authentication/2. Reset Password(with error checking) FAILED.
Reason:
com.kms.katalon.core.exception.StepFailedException: Object Object Repository/Authentication/Reset Password/android.widget.TextView - I have an account not found
	at com.kms.katalon.core.keyword.internal.KeywordMain.stepFailed(KeywordMain.groovy:51)
	at com.kms.katalon.core.mobile.keyword.internal.MobileKeywordMain.stepFailed(MobileKeywordMain.groovy:40)
	at com.kms.katalon.core.mobile.keyword.builtin.TapKeyword$_tap_closure1.doCall(TapKeyword.groovy:79)
	at com.kms.katalon.core.mobile.keyword.builtin.TapKeyword$_tap_closure1.call(TapKeyword.groovy)
	at com.kms.katalon.core.mobile.keyword.internal.MobileKeywordMain.runKeyword(MobileKeywordMain.groovy:21)
	at com.kms.katalon.core.mobile.keyword.builtin.TapKeyword.tap(TapKeyword.groovy:84)
	at com.kms.katalon.core.mobile.keyword.builtin.TapKeyword.execute(TapKeyword.groovy:68)
	at com.kms.katalon.core.keyword.internal.KeywordExecutor.executeKeywordForPlatform(KeywordExecutor.groovy:74)
	at com.kms.katalon.core.mobile.keyword.MobileBuiltInKeywords.tap(MobileBuiltInKeywords.groovy:1490)
	at com.kms.katalon.core.mobile.keyword.MobileBuiltInKeywords$tap$0.call(Unknown Source)
	at 2. Reset Password(with error checking).run(2. Reset Password(with error checking):22)
	at com.kms.katalon.core.main.ScriptEngine.run(ScriptEngine.java:194)
	at com.kms.katalon.core.main.ScriptEngine.runScriptAsRawText(ScriptEngine.java:119)
	at com.kms.katalon.core.main.TestCaseExecutor.runScript(TestCaseExecutor.java:448)
	at com.kms.katalon.core.main.TestCaseExecutor.doExecute(TestCaseExecutor.java:439)
	at com.kms.katalon.core.main.TestCaseExecutor.processExecutionPhase(TestCaseExecutor.java:418)
	at com.kms.katalon.core.main.TestCaseExecutor.accessMainPhase(TestCaseExecutor.java:410)
	at com.kms.katalon.core.main.TestCaseExecutor.execute(TestCaseExecutor.java:285)
	at com.kms.katalon.core.common.CommonExecutor.accessTestCaseMainPhase(CommonExecutor.java:65)
	at com.kms.katalon.core.main.TestSuiteExecutor.accessTestSuiteMainPhase(TestSuiteExecutor.java:148)
	at com.kms.katalon.core.main.TestSuiteExecutor.execute(TestSuiteExecutor.java:106)
	at com.kms.katalon.core.main.TestCaseMain.startTestSuite(TestCaseMain.java:187)
	at com.kms.katalon.core.main.TestCaseMain$startTestSuite$0.call(Unknown Source)
	at TempTestSuite1690356924555.run(TempTestSuite1690356924555.groovy:36)


2023-07-26 15:37:37 - [TEST_STEP][PASSED] - startApplication("C:\Users\User\Downloads\4.0.52.apk", true): Started app at: 'C:\Users\User\Downloads\4.0.52.apk'

2023-07-26 15:38:01 - [MESSAGE][PASSED] - Started app at: 'C:\Users\User\Downloads\4.0.52.apk'

2023-07-26 15:38:01 - [TEST_STEP][FAILED] - tap(findTestObject("Object Repository/Authentication/Reset Password/android.widget.TextView - I have an account"), 0): Failed to tap on element 'Object Repository/Authentication/Reset Password/android.widget.TextView - I have an account' (Root cause: com.kms.katalon.core.exception.StepFailedException: Object Object Repository/Authentication/Reset Password/android.widget.TextView - I have an account not found
	at com.kms.katalon.core.keyword.internal.KeywordMain.stepFailed(KeywordMain.groovy:51)
	at com.kms.katalon.core.mobile.keyword.internal.MobileKeywordMain.stepFailed(MobileKeywordMain.groovy:40)
	at com.kms.katalon.core.mobile.keyword.builtin.TapKeyword$_tap_closure1.doCall(TapKeyword.groovy:79)
	at com.kms.katalon.core.mobile.keyword.builtin.TapKeyword$_tap_closure1.call(TapKeyword.groovy)
	at com.kms.katalon.core.mobile.keyword.internal.MobileKeywordMain.runKeyword(MobileKeywordMain.groovy:21)
	at com.kms.katalon.core.mobile.keyword.builtin.TapKeyword.tap(TapKeyword.groovy:84)
	at com.kms.katalon.core.mobile.keyword.builtin.TapKeyword.execute(TapKeyword.groovy:68)
	at com.kms.katalon.core.keyword.internal.KeywordExecutor.executeKeywordForPlatform(KeywordExecutor.groovy:74)
	at com.kms.katalon.core.mobile.keyword.MobileBuiltInKeywords.tap(MobileBuiltInKeywords.groovy:1490)
	at com.kms.katalon.core.mobile.keyword.MobileBuiltInKeywords$tap$0.call(Unknown Source)
	at 2. Reset Password(with error checking).run(2. Reset Password(with error checking):22)
	at com.kms.katalon.core.main.ScriptEngine.run(ScriptEngine.java:194)
	at com.kms.katalon.core.main.ScriptEngine.runScriptAsRawText(ScriptEngine.java:119)
	at com.kms.katalon.core.main.TestCaseExecutor.runScript(TestCaseExecutor.java:448)
	at com.kms.katalon.core.main.TestCaseExecutor.doExecute(TestCaseExecutor.java:439)
	at com.kms.katalon.core.main.TestCaseExecutor.processExecutionPhase(TestCaseExecutor.java:418)
	at com.kms.katalon.core.main.TestCaseExecutor.accessMainPhase(TestCaseExecutor.java:410)
	at com.kms.katalon.core.main.TestCaseExecutor.execute(TestCaseExecutor.java:285)
	at com.kms.katalon.core.common.CommonExecutor.accessTestCaseMainPhase(CommonExecutor.java:65)
	at com.kms.katalon.core.main.TestSuiteExecutor.accessTestSuiteMainPhase(TestSuiteExecutor.java:148)
	at com.kms.katalon.core.main.TestSuiteExecutor.execute(TestSuiteExecutor.java:106)
	at com.kms.katalon.core.main.TestCaseMain.startTestSuite(TestCaseMain.java:187)
	at com.kms.katalon.core.main.TestCaseMain$startTestSuite$0.call(Unknown Source)
	at TempTestSuite1690356924555.run(TempTestSuite1690356924555.groovy:36)
)

2023-07-26 15:38:01 - [MESSAGE][WARNING] - Timeout '0' is invalid. Using default page load timeout: '30'

2023-07-26 15:38:31 - [MESSAGE][FAILED] - Object Object Repository/Authentication/Reset Password/android.widget.TextView - I have an account not found

2023-07-26 15:38:32 - [MESSAGE][FAILED] - Failed to tap on element 'Object Repository/Authentication/Reset Password/android.widget.TextView - I have an account' (Root cause: com.kms.katalon.core.exception.StepFailedException: Object Object Repository/Authentication/Reset Password/android.widget.TextView - I have an account not found
	at com.kms.katalon.core.keyword.internal.KeywordMain.stepFailed(KeywordMain.groovy:51)
	at com.kms.katalon.core.mobile.keyword.internal.MobileKeywordMain.stepFailed(MobileKeywordMain.groovy:40)
	at com.kms.katalon.core.mobile.keyword.builtin.TapKeyword$_tap_closure1.doCall(TapKeyword.groovy:79)
	at com.kms.katalon.core.mobile.keyword.builtin.TapKeyword$_tap_closure1.call(TapKeyword.groovy)
	at com.kms.katalon.core.mobile.keyword.internal.MobileKeywordMain.runKeyword(MobileKeywordMain.groovy:21)
	at com.kms.katalon.core.mobile.keyword.builtin.TapKeyword.tap(TapKeyword.groovy:84)
	at com.kms.katalon.core.mobile.keyword.builtin.TapKeyword.execute(TapKeyword.groovy:68)
	at com.kms.katalon.core.keyword.internal.KeywordExecutor.executeKeywordForPlatform(KeywordExecutor.groovy:74)
	at com.kms.katalon.core.mobile.keyword.MobileBuiltInKeywords.tap(MobileBuiltInKeywords.groovy:1490)
	at com.kms.katalon.core.mobile.keyword.MobileBuiltInKeywords$tap$0.call(Unknown Source)
	at 2. Reset Password(with error checking).run(2. Reset Password(with error checking):22)
	at com.kms.katalon.core.main.ScriptEngine.run(ScriptEngine.java:194)
	at com.kms.katalon.core.main.ScriptEngine.runScriptAsRawText(ScriptEngine.java:119)
	at com.kms.katalon.core.main.TestCaseExecutor.runScript(TestCaseExecutor.java:448)
	at com.kms.katalon.core.main.TestCaseExecutor.doExecute(TestCaseExecutor.java:439)
	at com.kms.katalon.core.main.TestCaseExecutor.processExecutionPhase(TestCaseExecutor.java:418)
	at com.kms.katalon.core.main.TestCaseExecutor.accessMainPhase(TestCaseExecutor.java:410)
	at com.kms.katalon.core.main.TestCaseExecutor.execute(TestCaseExecutor.java:285)
	at com.kms.katalon.core.common.CommonExecutor.accessTestCaseMainPhase(CommonExecutor.java:65)
	at com.kms.katalon.core.main.TestSuiteExecutor.accessTestSuiteMainPhase(TestSuiteExecutor.java:148)
	at com.kms.katalon.core.main.TestSuiteExecutor.execute(TestSuiteExecutor.java:106)
	at com.kms.katalon.core.main.TestCaseMain.startTestSuite(TestCaseMain.java:187)
	at com.kms.katalon.core.main.TestCaseMain$startTestSuite$0.call(Unknown Source)
	at TempTestSuite1690356924555.run(TempTestSuite1690356924555.groovy:36)
)
[[ATTACHMENT|C:\\Users\\User\\git\\TestAndroid\\Reports\\20230726_153524\\Authentication\\20230726_153524\\1690357111875.png]]]]></system-out>
         <system-err><![CDATA[2023-07-26 15:37:37 - [TEST_CASE][FAILED] - Test Cases/Authentication/2. Reset Password(with error checking): Test Cases/Authentication/2. Reset Password(with error checking) FAILED.
Reason:
com.kms.katalon.core.exception.StepFailedException: Object Object Repository/Authentication/Reset Password/android.widget.TextView - I have an account not found
	at com.kms.katalon.core.keyword.internal.KeywordMain.stepFailed(KeywordMain.groovy:51)
	at com.kms.katalon.core.mobile.keyword.internal.MobileKeywordMain.stepFailed(MobileKeywordMain.groovy:40)
	at com.kms.katalon.core.mobile.keyword.builtin.TapKeyword$_tap_closure1.doCall(TapKeyword.groovy:79)
	at com.kms.katalon.core.mobile.keyword.builtin.TapKeyword$_tap_closure1.call(TapKeyword.groovy)
	at com.kms.katalon.core.mobile.keyword.internal.MobileKeywordMain.runKeyword(MobileKeywordMain.groovy:21)
	at com.kms.katalon.core.mobile.keyword.builtin.TapKeyword.tap(TapKeyword.groovy:84)
	at com.kms.katalon.core.mobile.keyword.builtin.TapKeyword.execute(TapKeyword.groovy:68)
	at com.kms.katalon.core.keyword.internal.KeywordExecutor.executeKeywordForPlatform(KeywordExecutor.groovy:74)
	at com.kms.katalon.core.mobile.keyword.MobileBuiltInKeywords.tap(MobileBuiltInKeywords.groovy:1490)
	at com.kms.katalon.core.mobile.keyword.MobileBuiltInKeywords$tap$0.call(Unknown Source)
	at 2. Reset Password(with error checking).run(2. Reset Password(with error checking):22)
	at com.kms.katalon.core.main.ScriptEngine.run(ScriptEngine.java:194)
	at com.kms.katalon.core.main.ScriptEngine.runScriptAsRawText(ScriptEngine.java:119)
	at com.kms.katalon.core.main.TestCaseExecutor.runScript(TestCaseExecutor.java:448)
	at com.kms.katalon.core.main.TestCaseExecutor.doExecute(TestCaseExecutor.java:439)
	at com.kms.katalon.core.main.TestCaseExecutor.processExecutionPhase(TestCaseExecutor.java:418)
	at com.kms.katalon.core.main.TestCaseExecutor.accessMainPhase(TestCaseExecutor.java:410)
	at com.kms.katalon.core.main.TestCaseExecutor.execute(TestCaseExecutor.java:285)
	at com.kms.katalon.core.common.CommonExecutor.accessTestCaseMainPhase(CommonExecutor.java:65)
	at com.kms.katalon.core.main.TestSuiteExecutor.accessTestSuiteMainPhase(TestSuiteExecutor.java:148)
	at com.kms.katalon.core.main.TestSuiteExecutor.execute(TestSuiteExecutor.java:106)
	at com.kms.katalon.core.main.TestCaseMain.startTestSuite(TestCaseMain.java:187)
	at com.kms.katalon.core.main.TestCaseMain$startTestSuite$0.call(Unknown Source)
	at TempTestSuite1690356924555.run(TempTestSuite1690356924555.groovy:36)]]></system-err>
      </testcase>
      <system-out><![CDATA[2023-07-26 15:35:33 - [TEST_SUITE][FAILED] - Authentication: Test Cases/Authentication/1. Login(with error checking) FAILED.
Reason:
com.kms.katalon.core.exception.StepFailedException: Object Object Repository/Authentication/Login/android.widget.TextView - Log Out not found
	at com.kms.katalon.core.keyword.internal.KeywordMain.stepFailed(KeywordMain.groovy:51)
	at com.kms.katalon.core.mobile.keyword.internal.MobileKeywordMain.stepFailed(MobileKeywordMain.groovy:40)
	at com.kms.katalon.core.mobile.keyword.builtin.TapKeyword$_tap_closure1.doCall(TapKeyword.groovy:79)
	at com.kms.katalon.core.mobile.keyword.builtin.TapKeyword$_tap_closure1.call(TapKeyword.groovy)
	at com.kms.katalon.core.mobile.keyword.internal.MobileKeywordMain.runKeyword(MobileKeywordMain.groovy:21)
	at com.kms.katalon.core.mobile.keyword.builtin.TapKeyword.tap(TapKeyword.groovy:84)
	at com.kms.katalon.core.mobile.keyword.builtin.TapKeyword.execute(TapKeyword.groovy:68)
	at com.kms.katalon.core.keyword.internal.KeywordExecutor.executeKeywordForPlatform(KeywordExecutor.groovy:74)
	at com.kms.katalon.core.mobile.keyword.MobileBuiltInKeywords.tap(MobileBuiltInKeywords.groovy:1490)
	at com.kms.katalon.core.mobile.keyword.MobileBuiltInKeywords$tap$0.call(Unknown Source)
	at 1. Login(with error checking).run(1. Login(with error checking):60)
	at com.kms.katalon.core.main.ScriptEngine.run(ScriptEngine.java:194)
	at com.kms.katalon.core.main.ScriptEngine.runScriptAsRawText(ScriptEngine.java:119)
	at com.kms.katalon.core.main.TestCaseExecutor.runScript(TestCaseExecutor.java:448)
	at com.kms.katalon.core.main.TestCaseExecutor.doExecute(TestCaseExecutor.java:439)
	at com.kms.katalon.core.main.TestCaseExecutor.processExecutionPhase(TestCaseExecutor.java:418)
	at com.kms.katalon.core.main.TestCaseExecutor.accessMainPhase(TestCaseExecutor.java:410)
	at com.kms.katalon.core.main.TestCaseExecutor.execute(TestCaseExecutor.java:285)
	at com.kms.katalon.core.common.CommonExecutor.accessTestCaseMainPhase(CommonExecutor.java:65)
	at com.kms.katalon.core.main.TestSuiteExecutor.accessTestSuiteMainPhase(TestSuiteExecutor.java:148)
	at com.kms.katalon.core.main.TestSuiteExecutor.execute(TestSuiteExecutor.java:106)
	at com.kms.katalon.core.main.TestCaseMain.startTestSuite(TestCaseMain.java:187)
	at com.kms.katalon.core.main.TestCaseMain$startTestSuite$0.call(Unknown Source)
	at TempTestSuite1690356924555.run(TempTestSuite1690356924555.groovy:36)]]></system-out>
      <system-err><![CDATA[2023-07-26 15:35:33 - [TEST_SUITE][FAILED] - Authentication: Test Cases/Authentication/1. Login(with error checking) FAILED.
Reason:
com.kms.katalon.core.exception.StepFailedException: Object Object Repository/Authentication/Login/android.widget.TextView - Log Out not found
	at com.kms.katalon.core.keyword.internal.KeywordMain.stepFailed(KeywordMain.groovy:51)
	at com.kms.katalon.core.mobile.keyword.internal.MobileKeywordMain.stepFailed(MobileKeywordMain.groovy:40)
	at com.kms.katalon.core.mobile.keyword.builtin.TapKeyword$_tap_closure1.doCall(TapKeyword.groovy:79)
	at com.kms.katalon.core.mobile.keyword.builtin.TapKeyword$_tap_closure1.call(TapKeyword.groovy)
	at com.kms.katalon.core.mobile.keyword.internal.MobileKeywordMain.runKeyword(MobileKeywordMain.groovy:21)
	at com.kms.katalon.core.mobile.keyword.builtin.TapKeyword.tap(TapKeyword.groovy:84)
	at com.kms.katalon.core.mobile.keyword.builtin.TapKeyword.execute(TapKeyword.groovy:68)
	at com.kms.katalon.core.keyword.internal.KeywordExecutor.executeKeywordForPlatform(KeywordExecutor.groovy:74)
	at com.kms.katalon.core.mobile.keyword.MobileBuiltInKeywords.tap(MobileBuiltInKeywords.groovy:1490)
	at com.kms.katalon.core.mobile.keyword.MobileBuiltInKeywords$tap$0.call(Unknown Source)
	at 1. Login(with error checking).run(1. Login(with error checking):60)
	at com.kms.katalon.core.main.ScriptEngine.run(ScriptEngine.java:194)
	at com.kms.katalon.core.main.ScriptEngine.runScriptAsRawText(ScriptEngine.java:119)
	at com.kms.katalon.core.main.TestCaseExecutor.runScript(TestCaseExecutor.java:448)
	at com.kms.katalon.core.main.TestCaseExecutor.doExecute(TestCaseExecutor.java:439)
	at com.kms.katalon.core.main.TestCaseExecutor.processExecutionPhase(TestCaseExecutor.java:418)
	at com.kms.katalon.core.main.TestCaseExecutor.accessMainPhase(TestCaseExecutor.java:410)
	at com.kms.katalon.core.main.TestCaseExecutor.execute(TestCaseExecutor.java:285)
	at com.kms.katalon.core.common.CommonExecutor.accessTestCaseMainPhase(CommonExecutor.java:65)
	at com.kms.katalon.core.main.TestSuiteExecutor.accessTestSuiteMainPhase(TestSuiteExecutor.java:148)
	at com.kms.katalon.core.main.TestSuiteExecutor.execute(TestSuiteExecutor.java:106)
	at com.kms.katalon.core.main.TestCaseMain.startTestSuite(TestCaseMain.java:187)
	at com.kms.katalon.core.main.TestCaseMain$startTestSuite$0.call(Unknown Source)
	at TempTestSuite1690356924555.run(TempTestSuite1690356924555.groovy:36)]]></system-err>
   </testsuite>
</testsuites>
